Configuring aeson-0.7.0.3...
Building aeson-0.7.0.3...
Preprocessing library aeson-0.7.0.3...
[ 1 of 12] Compiling Data.Aeson.Types.Internal ( Data/Aeson/Types/Internal.hs, dist/dist-sandbox-71d48313/build/Data/Aeson/Types/Internal.o )
[ 2 of 12] Compiling Data.Aeson.Types.Class ( Data/Aeson/Types/Class.hs, dist/dist-sandbox-71d48313/build/Data/Aeson/Types/Class.o )
[ 3 of 12] Compiling Data.Aeson.Functions ( Data/Aeson/Functions.hs, dist/dist-sandbox-71d48313/build/Data/Aeson/Functions.o )
[ 4 of 12] Compiling Data.Aeson.Types.Instances ( Data/Aeson/Types/Instances.hs, dist/dist-sandbox-71d48313/build/Data/Aeson/Types/Instances.o )
[ 5 of 12] Compiling Data.Aeson.Types.Generic ( Data/Aeson/Types/Generic.hs, dist/dist-sandbox-71d48313/build/Data/Aeson/Types/Generic.o )
[ 6 of 12] Compiling Data.Aeson.Types ( Data/Aeson/Types.hs, dist/dist-sandbox-71d48313/build/Data/Aeson/Types.o )
[ 7 of 12] Compiling Data.Aeson.Parser.Internal ( Data/Aeson/Parser/Internal.hs, dist/dist-sandbox-71d48313/build/Data/Aeson/Parser/Internal.o )
[ 8 of 12] Compiling Data.Aeson.Parser ( Data/Aeson/Parser.hs, dist/dist-sandbox-71d48313/build/Data/Aeson/Parser.o )
[ 9 of 12] Compiling Data.Aeson.Encode ( Data/Aeson/Encode.hs, dist/dist-sandbox-71d48313/build/Data/Aeson/Encode.o )
[10 of 12] Compiling Data.Aeson.Generic ( Data/Aeson/Generic.hs, dist/dist-sandbox-71d48313/build/Data/Aeson/Generic.o )
[11 of 12] Compiling Data.Aeson       ( Data/Aeson.hs, dist/dist-sandbox-71d48313/build/Data/Aeson.o )
[12 of 12] Compiling Data.Aeson.TH    ( Data/Aeson/TH.hs, dist/dist-sandbox-71d48313/build/Data/Aeson/TH.o )
In-place registering aeson-0.7.0.3...
Creating package registration file: /tmp/pkgConf-aeson-0.7.025409.3
Installing library in
/home/greghale/Programming/haskell/haskell-tetrode-ephys/.cabal-sandbox/lib/x86_64-linux-ghc-7.6.3/aeson-0.7.0.3
Registering aeson-0.7.0.3...
