Configuring cmdargs-0.10.7...
Building cmdargs-0.10.7...
Preprocessing library cmdargs-0.10.7...
[ 1 of 25] Compiling System.Console.CmdArgs.Implicit.Ann ( System/Console/CmdArgs/Implicit/Ann.hs, dist/dist-sandbox-71d48313/build/System/Console/CmdArgs/Implicit/Ann.o )
[ 2 of 25] Compiling System.Console.CmdArgs.Implicit.UI ( System/Console/CmdArgs/Implicit/UI.hs, dist/dist-sandbox-71d48313/build/System/Console/CmdArgs/Implicit/UI.o )
[ 3 of 25] Compiling System.Console.CmdArgs.Verbosity ( System/Console/CmdArgs/Verbosity.hs, dist/dist-sandbox-71d48313/build/System/Console/CmdArgs/Verbosity.o )
[ 4 of 25] Compiling System.Console.CmdArgs.Implicit.Type ( System/Console/CmdArgs/Implicit/Type.hs, dist/dist-sandbox-71d48313/build/System/Console/CmdArgs/Implicit/Type.o )
[ 5 of 25] Compiling System.Console.CmdArgs.Explicit.SplitJoin ( System/Console/CmdArgs/Explicit/SplitJoin.hs, dist/dist-sandbox-71d48313/build/System/Console/CmdArgs/Explicit/SplitJoin.o )
[ 6 of 25] Compiling System.Console.CmdArgs.Explicit.ExpandArgsAt ( System/Console/CmdArgs/Explicit/ExpandArgsAt.hs, dist/dist-sandbox-71d48313/build/System/Console/CmdArgs/Explicit/ExpandArgsAt.o )
[ 7 of 25] Compiling System.Console.CmdArgs.Explicit.Type ( System/Console/CmdArgs/Explicit/Type.hs, dist/dist-sandbox-71d48313/build/System/Console/CmdArgs/Explicit/Type.o )
[ 8 of 25] Compiling System.Console.CmdArgs.Explicit.Process ( System/Console/CmdArgs/Explicit/Process.hs, dist/dist-sandbox-71d48313/build/System/Console/CmdArgs/Explicit/Process.o )
[ 9 of 25] Compiling System.Console.CmdArgs.Explicit.Complete ( System/Console/CmdArgs/Explicit/Complete.hs, dist/dist-sandbox-71d48313/build/System/Console/CmdArgs/Explicit/Complete.o )
[10 of 25] Compiling System.Console.CmdArgs.Helper ( System/Console/CmdArgs/Helper.hs, dist/dist-sandbox-71d48313/build/System/Console/CmdArgs/Helper.o )
[11 of 25] Compiling System.Console.CmdArgs.Default ( System/Console/CmdArgs/Default.hs, dist/dist-sandbox-71d48313/build/System/Console/CmdArgs/Default.o )
[12 of 25] Compiling System.Console.CmdArgs.Text ( System/Console/CmdArgs/Text.hs, dist/dist-sandbox-71d48313/build/System/Console/CmdArgs/Text.o )
[13 of 25] Compiling System.Console.CmdArgs.Explicit.Help ( System/Console/CmdArgs/Explicit/Help.hs, dist/dist-sandbox-71d48313/build/System/Console/CmdArgs/Explicit/Help.o )
[14 of 25] Compiling System.Console.CmdArgs.Explicit ( System/Console/CmdArgs/Explicit.hs, dist/dist-sandbox-71d48313/build/System/Console/CmdArgs/Explicit.o )
[15 of 25] Compiling System.Console.CmdArgs.GetOpt ( System/Console/CmdArgs/GetOpt.hs, dist/dist-sandbox-71d48313/build/System/Console/CmdArgs/GetOpt.o )
[16 of 25] Compiling Data.Generics.Any ( Data/Generics/Any.hs, dist/dist-sandbox-71d48313/build/Data/Generics/Any.o )

Data/Generics/Any.hs:65:17: Warning:
    In the use of `tyConString'
    (imported from Data.Data, but defined in Data.Typeable.Internal):
    Deprecated: "renamed to tyConName; tyConModule and tyConPackage are also available."
[17 of 25] Compiling Data.Generics.Any.Prelude ( Data/Generics/Any/Prelude.hs, dist/dist-sandbox-71d48313/build/Data/Generics/Any/Prelude.o )
[18 of 25] Compiling System.Console.CmdArgs.Implicit.Reader ( System/Console/CmdArgs/Implicit/Reader.hs, dist/dist-sandbox-71d48313/build/System/Console/CmdArgs/Implicit/Reader.o )
[19 of 25] Compiling System.Console.CmdArgs.Annotate ( System/Console/CmdArgs/Annotate.hs, dist/dist-sandbox-71d48313/build/System/Console/CmdArgs/Annotate.o )
[20 of 25] Compiling System.Console.CmdArgs.Implicit.Local ( System/Console/CmdArgs/Implicit/Local.hs, dist/dist-sandbox-71d48313/build/System/Console/CmdArgs/Implicit/Local.o )
[21 of 25] Compiling System.Console.CmdArgs.Implicit.Reform ( System/Console/CmdArgs/Implicit/Reform.hs, dist/dist-sandbox-71d48313/build/System/Console/CmdArgs/Implicit/Reform.o )
[22 of 25] Compiling System.Console.CmdArgs.Implicit.Global ( System/Console/CmdArgs/Implicit/Global.hs, dist/dist-sandbox-71d48313/build/System/Console/CmdArgs/Implicit/Global.o )
[23 of 25] Compiling System.Console.CmdArgs.Implicit ( System/Console/CmdArgs/Implicit.hs, dist/dist-sandbox-71d48313/build/System/Console/CmdArgs/Implicit.o )
[24 of 25] Compiling System.Console.CmdArgs.Quote ( System/Console/CmdArgs/Quote.hs, dist/dist-sandbox-71d48313/build/System/Console/CmdArgs/Quote.o )
[25 of 25] Compiling System.Console.CmdArgs ( System/Console/CmdArgs.hs, dist/dist-sandbox-71d48313/build/System/Console/CmdArgs.o )
In-place registering cmdargs-0.10.7...
Creating package registration file: /tmp/pkgConf-cmdargs-0.1025409.7
Installing library in
/home/greghale/Programming/haskell/haskell-tetrode-ephys/.cabal-sandbox/lib/x86_64-linux-ghc-7.6.3/cmdargs-0.10.7
Registering cmdargs-0.10.7...
