[1 of 1] Compiling Main             ( /tmp/comonad-4.2-25409/comonad-4.2/dist/dist-sandbox-71d48313/setup/setup.hs, /tmp/comonad-4.2-25409/comonad-4.2/dist/dist-sandbox-71d48313/setup/Main.o )
Linking /tmp/comonad-4.2-25409/comonad-4.2/dist/dist-sandbox-71d48313/setup/setup ...
Configuring comonad-4.2...
Building comonad-4.2...
Preprocessing library comonad-4.2...
[ 1 of 16] Compiling Data.Functor.Composition ( src/Data/Functor/Composition.hs, dist/dist-sandbox-71d48313/build/Data/Functor/Composition.o )
[ 2 of 16] Compiling Control.Comonad.Trans.Identity ( src/Control/Comonad/Trans/Identity.hs, dist/dist-sandbox-71d48313/build/Control/Comonad/Trans/Identity.o )
[ 3 of 16] Compiling Control.Comonad  ( src/Control/Comonad.hs, dist/dist-sandbox-71d48313/build/Control/Comonad.o )
[ 4 of 16] Compiling Control.Comonad.Trans.Class ( src/Control/Comonad/Trans/Class.hs, dist/dist-sandbox-71d48313/build/Control/Comonad/Trans/Class.o )
[ 5 of 16] Compiling Control.Comonad.Hoist.Class ( src/Control/Comonad/Hoist/Class.hs, dist/dist-sandbox-71d48313/build/Control/Comonad/Hoist/Class.o )
[ 6 of 16] Compiling Control.Comonad.Trans.Env ( src/Control/Comonad/Trans/Env.hs, dist/dist-sandbox-71d48313/build/Control/Comonad/Trans/Env.o )
[ 7 of 16] Compiling Control.Comonad.Trans.Store ( src/Control/Comonad/Trans/Store.hs, dist/dist-sandbox-71d48313/build/Control/Comonad/Trans/Store.o )
[ 8 of 16] Compiling Control.Comonad.Trans.Traced ( src/Control/Comonad/Trans/Traced.hs, dist/dist-sandbox-71d48313/build/Control/Comonad/Trans/Traced.o )
[ 9 of 16] Compiling Control.Comonad.Env.Class ( src/Control/Comonad/Env/Class.hs, dist/dist-sandbox-71d48313/build/Control/Comonad/Env/Class.o )
[10 of 16] Compiling Control.Comonad.Env ( src/Control/Comonad/Env.hs, dist/dist-sandbox-71d48313/build/Control/Comonad/Env.o )
[11 of 16] Compiling Control.Comonad.Identity ( src/Control/Comonad/Identity.hs, dist/dist-sandbox-71d48313/build/Control/Comonad/Identity.o )
[12 of 16] Compiling Control.Comonad.Store.Class ( src/Control/Comonad/Store/Class.hs, dist/dist-sandbox-71d48313/build/Control/Comonad/Store/Class.o )
[13 of 16] Compiling Control.Comonad.Store ( src/Control/Comonad/Store.hs, dist/dist-sandbox-71d48313/build/Control/Comonad/Store.o )
[14 of 16] Compiling Control.Comonad.Traced.Class ( src/Control/Comonad/Traced/Class.hs, dist/dist-sandbox-71d48313/build/Control/Comonad/Traced/Class.o )
[15 of 16] Compiling Control.Comonad.Traced ( src/Control/Comonad/Traced.hs, dist/dist-sandbox-71d48313/build/Control/Comonad/Traced.o )
[16 of 16] Compiling Data.Functor.Coproduct ( src/Data/Functor/Coproduct.hs, dist/dist-sandbox-71d48313/build/Data/Functor/Coproduct.o )
In-place registering comonad-4.2...
Creating package registration file: /tmp/pkgConf-comonad-425409.2
Installing library in
/home/greghale/Programming/haskell/haskell-tetrode-ephys/.cabal-sandbox/lib/x86_64-linux-ghc-7.6.3/comonad-4.2
Registering comonad-4.2...
