Configuring gloss-1.8.1.2...
Building gloss-1.8.1.2...
Preprocessing library gloss-1.8.1.2...
[ 1 of 47] Compiling Graphics.Gloss.Internals.Interface.Simulate.State ( Graphics/Gloss/Internals/Interface/Simulate/State.hs, dist/dist-sandbox-71d48313/build/Graphics/Gloss/Internals/Interface/Simulate/State.o )
[ 2 of 47] Compiling Graphics.Gloss.Internals.Interface.Debug ( Graphics/Gloss/Internals/Interface/Debug.hs, dist/dist-sandbox-71d48313/build/Graphics/Gloss/Internals/Interface/Debug.o )
[ 3 of 47] Compiling Graphics.Gloss.Internals.Interface.Animate.State ( Graphics/Gloss/Internals/Interface/Animate/State.hs, dist/dist-sandbox-71d48313/build/Graphics/Gloss/Internals/Interface/Animate/State.o )
[ 4 of 47] Compiling Graphics.Gloss.Internals.Render.Bitmap ( Graphics/Gloss/Internals/Render/Bitmap.hs, dist/dist-sandbox-71d48313/build/Graphics/Gloss/Internals/Render/Bitmap.o )
[ 5 of 47] Compiling Graphics.Gloss.Data.Quad ( Graphics/Gloss/Data/Quad.hs, dist/dist-sandbox-71d48313/build/Graphics/Gloss/Data/Quad.o )
[ 6 of 47] Compiling Graphics.Gloss.Data.Point ( Graphics/Gloss/Data/Point.hs, dist/dist-sandbox-71d48313/build/Graphics/Gloss/Data/Point.o )
[ 7 of 47] Compiling Graphics.Gloss.Geometry.Angle ( Graphics/Gloss/Geometry/Angle.hs, dist/dist-sandbox-71d48313/build/Graphics/Gloss/Geometry/Angle.o )
[ 8 of 47] Compiling Graphics.Gloss.Data.Vector ( Graphics/Gloss/Data/Vector.hs, dist/dist-sandbox-71d48313/build/Graphics/Gloss/Data/Vector.o )
[ 9 of 47] Compiling Graphics.Gloss.Geometry.Line ( Graphics/Gloss/Geometry/Line.hs, dist/dist-sandbox-71d48313/build/Graphics/Gloss/Geometry/Line.o )
[10 of 47] Compiling Graphics.Gloss.Data.Extent ( Graphics/Gloss/Data/Extent.hs, dist/dist-sandbox-71d48313/build/Graphics/Gloss/Data/Extent.o )
[11 of 47] Compiling Graphics.Gloss.Data.QuadTree ( Graphics/Gloss/Data/QuadTree.hs, dist/dist-sandbox-71d48313/build/Graphics/Gloss/Data/QuadTree.o )
[12 of 47] Compiling Graphics.Gloss.Geometry ( Graphics/Gloss/Geometry.hs, dist/dist-sandbox-71d48313/build/Graphics/Gloss/Geometry.o )
[13 of 47] Compiling Graphics.Gloss.Data.Display ( Graphics/Gloss/Data/Display.hs, dist/dist-sandbox-71d48313/build/Graphics/Gloss/Data/Display.o )
[14 of 47] Compiling Graphics.Gloss.Internals.Interface.Backend.Types ( Graphics/Gloss/Internals/Interface/Backend/Types.hs, dist/dist-sandbox-71d48313/build/Graphics/Gloss/Internals/Interface/Backend/Types.o )
[15 of 47] Compiling Graphics.Gloss.Internals.Interface.Callback ( Graphics/Gloss/Internals/Interface/Callback.hs, dist/dist-sandbox-71d48313/build/Graphics/Gloss/Internals/Interface/Callback.o )
[16 of 47] Compiling Graphics.Gloss.Internals.Interface.Common.Exit ( Graphics/Gloss/Internals/Interface/Common/Exit.hs, dist/dist-sandbox-71d48313/build/Graphics/Gloss/Internals/Interface/Common/Exit.o )
[17 of 47] Compiling Graphics.Gloss.Internals.Interface.Backend.GLUT ( Graphics/Gloss/Internals/Interface/Backend/GLUT.hs, dist/dist-sandbox-71d48313/build/Graphics/Gloss/Internals/Interface/Backend/GLUT.o )
[18 of 47] Compiling Graphics.Gloss.Internals.Interface.Backend ( Graphics/Gloss/Internals/Interface/Backend.hs, dist/dist-sandbox-71d48313/build/Graphics/Gloss/Internals/Interface/Backend.o )
[19 of 47] Compiling Graphics.Gloss.Internals.Interface.Event ( Graphics/Gloss/Internals/Interface/Event.hs, dist/dist-sandbox-71d48313/build/Graphics/Gloss/Internals/Interface/Event.o )
[20 of 47] Compiling Graphics.Gloss.Internals.Interface.Animate.Timing ( Graphics/Gloss/Internals/Interface/Animate/Timing.hs, dist/dist-sandbox-71d48313/build/Graphics/Gloss/Internals/Interface/Animate/Timing.o )
[21 of 47] Compiling Graphics.Gloss.Internals.Interface.ViewState.Reshape ( Graphics/Gloss/Internals/Interface/ViewState/Reshape.hs, dist/dist-sandbox-71d48313/build/Graphics/Gloss/Internals/Interface/ViewState/Reshape.o )
[22 of 47] Compiling Graphics.Gloss.Internals.Render.Common ( Graphics/Gloss/Internals/Render/Common.hs, dist/dist-sandbox-71d48313/build/Graphics/Gloss/Internals/Render/Common.o )
[23 of 47] Compiling Graphics.Gloss.Internals.Render.Circle ( Graphics/Gloss/Internals/Render/Circle.hs, dist/dist-sandbox-71d48313/build/Graphics/Gloss/Internals/Render/Circle.o )
[24 of 47] Compiling Graphics.Gloss.Data.Color ( Graphics/Gloss/Data/Color.hs, dist/dist-sandbox-71d48313/build/Graphics/Gloss/Data/Color.o )
[25 of 47] Compiling Graphics.Gloss.Internals.Color ( Graphics/Gloss/Internals/Color.hs, dist/dist-sandbox-71d48313/build/Graphics/Gloss/Internals/Color.o )
[26 of 47] Compiling Graphics.Gloss.Internals.Interface.Window ( Graphics/Gloss/Internals/Interface/Window.hs, dist/dist-sandbox-71d48313/build/Graphics/Gloss/Internals/Interface/Window.o )
[27 of 47] Compiling Graphics.Gloss.Data.Picture ( Graphics/Gloss/Data/Picture.hs, dist/dist-sandbox-71d48313/build/Graphics/Gloss/Data/Picture.o )
[28 of 47] Compiling Graphics.Gloss.Data.ViewPort ( Graphics/Gloss/Data/ViewPort.hs, dist/dist-sandbox-71d48313/build/Graphics/Gloss/Data/ViewPort.o )
[29 of 47] Compiling Graphics.Gloss.Data.ViewState ( Graphics/Gloss/Data/ViewState.hs, dist/dist-sandbox-71d48313/build/Graphics/Gloss/Data/ViewState.o )
[30 of 47] Compiling Graphics.Gloss.Internals.Interface.ViewState.KeyMouse ( Graphics/Gloss/Internals/Interface/ViewState/KeyMouse.hs, dist/dist-sandbox-71d48313/build/Graphics/Gloss/Internals/Interface/ViewState/KeyMouse.o )
[31 of 47] Compiling Graphics.Gloss.Internals.Interface.ViewState.Motion ( Graphics/Gloss/Internals/Interface/ViewState/Motion.hs, dist/dist-sandbox-71d48313/build/Graphics/Gloss/Internals/Interface/ViewState/Motion.o )
[32 of 47] Compiling Graphics.Gloss.Internals.Interface.Simulate.Idle ( Graphics/Gloss/Internals/Interface/Simulate/Idle.hs, dist/dist-sandbox-71d48313/build/Graphics/Gloss/Internals/Interface/Simulate/Idle.o )
[33 of 47] Compiling Graphics.Gloss.Algorithms.RayCast ( Graphics/Gloss/Algorithms/RayCast.hs, dist/dist-sandbox-71d48313/build/Graphics/Gloss/Algorithms/RayCast.o )
[34 of 47] Compiling Graphics.Gloss.Internals.Render.State ( Graphics/Gloss/Internals/Render/State.hs, dist/dist-sandbox-71d48313/build/Graphics/Gloss/Internals/Render/State.o )
[35 of 47] Compiling Graphics.Gloss.Internals.Render.Picture ( Graphics/Gloss/Internals/Render/Picture.hs, dist/dist-sandbox-71d48313/build/Graphics/Gloss/Internals/Render/Picture.o )
[36 of 47] Compiling Graphics.Gloss.Internals.Interface.Display ( Graphics/Gloss/Internals/Interface/Display.hs, dist/dist-sandbox-71d48313/build/Graphics/Gloss/Internals/Interface/Display.o )
[37 of 47] Compiling Graphics.Gloss.Interface.Pure.Display ( Graphics/Gloss/Interface/Pure/Display.hs, dist/dist-sandbox-71d48313/build/Graphics/Gloss/Interface/Pure/Display.o )
[38 of 47] Compiling Graphics.Gloss.Internals.Interface.Animate ( Graphics/Gloss/Internals/Interface/Animate.hs, dist/dist-sandbox-71d48313/build/Graphics/Gloss/Internals/Interface/Animate.o )
[39 of 47] Compiling Graphics.Gloss.Interface.Pure.Animate ( Graphics/Gloss/Interface/Pure/Animate.hs, dist/dist-sandbox-71d48313/build/Graphics/Gloss/Interface/Pure/Animate.o )
[40 of 47] Compiling Graphics.Gloss.Interface.IO.Animate ( Graphics/Gloss/Interface/IO/Animate.hs, dist/dist-sandbox-71d48313/build/Graphics/Gloss/Interface/IO/Animate.o )
[41 of 47] Compiling Graphics.Gloss.Internals.Interface.Simulate ( Graphics/Gloss/Internals/Interface/Simulate.hs, dist/dist-sandbox-71d48313/build/Graphics/Gloss/Internals/Interface/Simulate.o )
[42 of 47] Compiling Graphics.Gloss.Interface.Pure.Simulate ( Graphics/Gloss/Interface/Pure/Simulate.hs, dist/dist-sandbox-71d48313/build/Graphics/Gloss/Interface/Pure/Simulate.o )
[43 of 47] Compiling Graphics.Gloss.Interface.IO.Simulate ( Graphics/Gloss/Interface/IO/Simulate.hs, dist/dist-sandbox-71d48313/build/Graphics/Gloss/Interface/IO/Simulate.o )
[44 of 47] Compiling Graphics.Gloss.Internals.Interface.Game ( Graphics/Gloss/Internals/Interface/Game.hs, dist/dist-sandbox-71d48313/build/Graphics/Gloss/Internals/Interface/Game.o )
[45 of 47] Compiling Graphics.Gloss.Interface.Pure.Game ( Graphics/Gloss/Interface/Pure/Game.hs, dist/dist-sandbox-71d48313/build/Graphics/Gloss/Interface/Pure/Game.o )
[46 of 47] Compiling Graphics.Gloss.Interface.IO.Game ( Graphics/Gloss/Interface/IO/Game.hs, dist/dist-sandbox-71d48313/build/Graphics/Gloss/Interface/IO/Game.o )
[47 of 47] Compiling Graphics.Gloss   ( Graphics/Gloss.hs, dist/dist-sandbox-71d48313/build/Graphics/Gloss.o )
In-place registering gloss-1.8.1.2...
Creating package registration file: /tmp/pkgConf-gloss-1.8.125409.2
Installing library in
/home/greghale/Programming/haskell/haskell-tetrode-ephys/.cabal-sandbox/lib/x86_64-linux-ghc-7.6.3/gloss-1.8.1.2
Registering gloss-1.8.1.2...
