Configuring GLUT-2.4.0.0...
Building GLUT-2.4.0.0...
Preprocessing library GLUT-2.4.0.0...
[ 1 of 25] Compiling Graphics.UI.GLUT.Raw.Tokens ( Graphics/UI/GLUT/Raw/Tokens.hs, dist/dist-sandbox-71d48313/build/Graphics/UI/GLUT/Raw/Tokens.o )
[ 2 of 25] Compiling Graphics.UI.GLUT.Raw.Fonts ( Graphics/UI/GLUT/Raw/Fonts.hs, dist/dist-sandbox-71d48313/build/Graphics/UI/GLUT/Raw/Fonts.o )
[ 3 of 25] Compiling Graphics.UI.GLUT.Raw.Callbacks ( Graphics/UI/GLUT/Raw/Callbacks.hs, dist/dist-sandbox-71d48313/build/Graphics/UI/GLUT/Raw/Callbacks.o )
[ 4 of 25] Compiling Graphics.UI.GLUT.Raw.APIEntry ( Graphics/UI/GLUT/Raw/APIEntry.hs, dist/dist-sandbox-71d48313/build/Graphics/UI/GLUT/Raw/APIEntry.o )
[ 5 of 25] Compiling Graphics.UI.GLUT.Raw.Functions ( Graphics/UI/GLUT/Raw/Functions.hs, dist/dist-sandbox-71d48313/build/Graphics/UI/GLUT/Raw/Functions.o )
[ 6 of 25] Compiling Graphics.UI.GLUT.Raw ( Graphics/UI/GLUT/Raw.hs, dist/dist-sandbox-71d48313/build/Graphics/UI/GLUT/Raw.o )
[ 7 of 25] Compiling Graphics.UI.GLUT.Types ( Graphics/UI/GLUT/Types.hs, dist/dist-sandbox-71d48313/build/Graphics/UI/GLUT/Types.o )
[ 8 of 25] Compiling Graphics.UI.GLUT.QueryUtils ( Graphics/UI/GLUT/QueryUtils.hs, dist/dist-sandbox-71d48313/build/Graphics/UI/GLUT/QueryUtils.o )
[ 9 of 25] Compiling Graphics.UI.GLUT.GameMode ( Graphics/UI/GLUT/GameMode.hs, dist/dist-sandbox-71d48313/build/Graphics/UI/GLUT/GameMode.o )
[10 of 25] Compiling Graphics.UI.GLUT.DeviceControl ( Graphics/UI/GLUT/DeviceControl.hs, dist/dist-sandbox-71d48313/build/Graphics/UI/GLUT/DeviceControl.o )
[11 of 25] Compiling Graphics.UI.GLUT.Debugging ( Graphics/UI/GLUT/Debugging.hs, dist/dist-sandbox-71d48313/build/Graphics/UI/GLUT/Debugging.o )
[12 of 25] Compiling Graphics.UI.GLUT.Objects ( Graphics/UI/GLUT/Objects.hs, dist/dist-sandbox-71d48313/build/Graphics/UI/GLUT/Objects.o )
[13 of 25] Compiling Graphics.UI.GLUT.Fonts ( Graphics/UI/GLUT/Fonts.hs, dist/dist-sandbox-71d48313/build/Graphics/UI/GLUT/Fonts.o )
[14 of 25] Compiling Graphics.UI.GLUT.Colormap ( Graphics/UI/GLUT/Colormap.hs, dist/dist-sandbox-71d48313/build/Graphics/UI/GLUT/Colormap.o )
[15 of 25] Compiling Graphics.UI.GLUT.Overlay ( Graphics/UI/GLUT/Overlay.hs, dist/dist-sandbox-71d48313/build/Graphics/UI/GLUT/Overlay.o )
[16 of 25] Compiling Graphics.UI.GLUT.Window ( Graphics/UI/GLUT/Window.hs, dist/dist-sandbox-71d48313/build/Graphics/UI/GLUT/Window.o )
[17 of 25] Compiling Graphics.UI.GLUT.State ( Graphics/UI/GLUT/State.hs, dist/dist-sandbox-71d48313/build/Graphics/UI/GLUT/State.o )
[18 of 25] Compiling Graphics.UI.GLUT.Callbacks.Registration ( Graphics/UI/GLUT/Callbacks/Registration.hs, dist/dist-sandbox-71d48313/build/Graphics/UI/GLUT/Callbacks/Registration.o )
[19 of 25] Compiling Graphics.UI.GLUT.Menu ( Graphics/UI/GLUT/Menu.hs, dist/dist-sandbox-71d48313/build/Graphics/UI/GLUT/Menu.o )
[20 of 25] Compiling Graphics.UI.GLUT.Callbacks.Window ( Graphics/UI/GLUT/Callbacks/Window.hs, dist/dist-sandbox-71d48313/build/Graphics/UI/GLUT/Callbacks/Window.o )
[21 of 25] Compiling Graphics.UI.GLUT.Callbacks.Global ( Graphics/UI/GLUT/Callbacks/Global.hs, dist/dist-sandbox-71d48313/build/Graphics/UI/GLUT/Callbacks/Global.o )
[22 of 25] Compiling Graphics.UI.GLUT.Callbacks ( Graphics/UI/GLUT/Callbacks.hs, dist/dist-sandbox-71d48313/build/Graphics/UI/GLUT/Callbacks.o )
[23 of 25] Compiling Graphics.UI.GLUT.Begin ( Graphics/UI/GLUT/Begin.hs, dist/dist-sandbox-71d48313/build/Graphics/UI/GLUT/Begin.o )
[24 of 25] Compiling Graphics.UI.GLUT.Initialization ( Graphics/UI/GLUT/Initialization.hs, dist/dist-sandbox-71d48313/build/Graphics/UI/GLUT/Initialization.o )
[25 of 25] Compiling Graphics.UI.GLUT ( Graphics/UI/GLUT.hs, dist/dist-sandbox-71d48313/build/Graphics/UI/GLUT.o )
In-place registering GLUT-2.4.0.0...
Creating package registration file: /tmp/pkgConf-GLUT-2.4.025409.0
Installing library in
/home/greghale/Programming/haskell/haskell-tetrode-ephys/.cabal-sandbox/lib/x86_64-linux-ghc-7.6.3/GLUT-2.4.0.0
Registering GLUT-2.4.0.0...
