[1 of 2] Compiling Config           ( /tmp/hmatrix-0.15.2.1-25409/hmatrix-0.15.2.1/Config.hs, /tmp/hmatrix-0.15.2.1-25409/hmatrix-0.15.2.1/dist/dist-sandbox-71d48313/setup/Config.o )
[2 of 2] Compiling Main             ( /tmp/hmatrix-0.15.2.1-25409/hmatrix-0.15.2.1/dist/dist-sandbox-71d48313/setup/setup.hs, /tmp/hmatrix-0.15.2.1-25409/hmatrix-0.15.2.1/dist/dist-sandbox-71d48313/setup/Main.o )
Linking /tmp/hmatrix-0.15.2.1-25409/hmatrix-0.15.2.1/dist/dist-sandbox-71d48313/setup/setup ...
Configuring hmatrix-0.15.2.1...
Checking foreign libraries... OK gsl lapack blas
Building hmatrix-0.15.2.1...
Preprocessing library hmatrix-0.15.2.1...
[ 1 of 36] Compiling Data.Packed.Internal.Signatures ( lib/Data/Packed/Internal/Signatures.hs, dist/dist-sandbox-71d48313/build/Data/Packed/Internal/Signatures.o )
[ 2 of 36] Compiling Data.Packed.Internal.Common ( lib/Data/Packed/Internal/Common.hs, dist/dist-sandbox-71d48313/build/Data/Packed/Internal/Common.o )
[ 3 of 36] Compiling Data.Packed.Internal.Vector ( lib/Data/Packed/Internal/Vector.hs, dist/dist-sandbox-71d48313/build/Data/Packed/Internal/Vector.o )
[ 4 of 36] Compiling Numeric.GSL.Vector ( lib/Numeric/GSL/Vector.hs, dist/dist-sandbox-71d48313/build/Numeric/GSL/Vector.o )
[ 5 of 36] Compiling Data.Packed.Internal.Matrix ( lib/Data/Packed/Internal/Matrix.hs, dist/dist-sandbox-71d48313/build/Data/Packed/Internal/Matrix.o )
[ 6 of 36] Compiling Numeric.Conversion ( lib/Numeric/Conversion.hs, dist/dist-sandbox-71d48313/build/Numeric/Conversion.o )
[ 7 of 36] Compiling Data.Packed.Internal ( lib/Data/Packed/Internal.hs, dist/dist-sandbox-71d48313/build/Data/Packed/Internal.o )
[ 8 of 36] Compiling Data.Packed.ST   ( lib/Data/Packed/ST.hs, dist/dist-sandbox-71d48313/build/Data/Packed/ST.o )
[ 9 of 36] Compiling Data.Packed.Foreign ( lib/Data/Packed/Foreign.hs, dist/dist-sandbox-71d48313/build/Data/Packed/Foreign.o )
[10 of 36] Compiling Numeric.GSL.Differentiation ( lib/Numeric/GSL/Differentiation.hs, dist/dist-sandbox-71d48313/build/Numeric/GSL/Differentiation.o )
[11 of 36] Compiling Numeric.GSL.Integration ( lib/Numeric/GSL/Integration.hs, dist/dist-sandbox-71d48313/build/Numeric/GSL/Integration.o )
[12 of 36] Compiling Numeric.GSL.Fourier ( lib/Numeric/GSL/Fourier.hs, dist/dist-sandbox-71d48313/build/Numeric/GSL/Fourier.o )
[13 of 36] Compiling Numeric.GSL.Polynomials ( lib/Numeric/GSL/Polynomials.hs, dist/dist-sandbox-71d48313/build/Numeric/GSL/Polynomials.o )
[14 of 36] Compiling Numeric.GSL.Internal ( lib/Numeric/GSL/Internal.hs, dist/dist-sandbox-71d48313/build/Numeric/GSL/Internal.o )
[15 of 36] Compiling Numeric.GSL.ODE  ( lib/Numeric/GSL/ODE.hs, dist/dist-sandbox-71d48313/build/Numeric/GSL/ODE.o )
[16 of 36] Compiling Data.Packed.Development ( lib/Data/Packed/Development.hs, dist/dist-sandbox-71d48313/build/Data/Packed/Development.o )
[17 of 36] Compiling Data.Packed.Matrix ( lib/Data/Packed/Matrix.hs, dist/dist-sandbox-71d48313/build/Data/Packed/Matrix.o )
[18 of 36] Compiling Numeric.GSL.Minimization ( lib/Numeric/GSL/Minimization.hs, dist/dist-sandbox-71d48313/build/Numeric/GSL/Minimization.o )
[19 of 36] Compiling Numeric.GSL.Root ( lib/Numeric/GSL/Root.hs, dist/dist-sandbox-71d48313/build/Numeric/GSL/Root.o )
[20 of 36] Compiling Numeric.LinearAlgebra.LAPACK ( lib/Numeric/LinearAlgebra/LAPACK.hs, dist/dist-sandbox-71d48313/build/Numeric/LinearAlgebra/LAPACK.o )
[21 of 36] Compiling Data.Packed.Vector ( lib/Data/Packed/Vector.hs, dist/dist-sandbox-71d48313/build/Data/Packed/Vector.o )
[22 of 36] Compiling Data.Packed      ( lib/Data/Packed.hs, dist/dist-sandbox-71d48313/build/Data/Packed.o )
[23 of 36] Compiling Numeric.ContainerBoot ( lib/Numeric/ContainerBoot.hs, dist/dist-sandbox-71d48313/build/Numeric/ContainerBoot.o )
[24 of 36] Compiling Numeric.Chain    ( lib/Numeric/Chain.hs, dist/dist-sandbox-71d48313/build/Numeric/Chain.o )
[25 of 36] Compiling Numeric.LinearAlgebra.Algorithms ( lib/Numeric/LinearAlgebra/Algorithms.hs, dist/dist-sandbox-71d48313/build/Numeric/LinearAlgebra/Algorithms.o )
[26 of 36] Compiling Numeric.IO       ( lib/Numeric/IO.hs, dist/dist-sandbox-71d48313/build/Numeric/IO.o )
[27 of 36] Compiling Data.Packed.Random ( lib/Data/Packed/Random.hs, dist/dist-sandbox-71d48313/build/Data/Packed/Random.o )
[28 of 36] Compiling Numeric.Container ( lib/Numeric/Container.hs, dist/dist-sandbox-71d48313/build/Numeric/Container.o )
[29 of 36] Compiling Numeric.Matrix   ( lib/Numeric/Matrix.hs, dist/dist-sandbox-71d48313/build/Numeric/Matrix.o )
[30 of 36] Compiling Numeric.Vector   ( lib/Numeric/Vector.hs, dist/dist-sandbox-71d48313/build/Numeric/Vector.o )
[31 of 36] Compiling Numeric.LinearAlgebra ( lib/Numeric/LinearAlgebra.hs, dist/dist-sandbox-71d48313/build/Numeric/LinearAlgebra.o )
[32 of 36] Compiling Numeric.GSL.Fitting ( lib/Numeric/GSL/Fitting.hs, dist/dist-sandbox-71d48313/build/Numeric/GSL/Fitting.o )
[33 of 36] Compiling Numeric.GSL      ( lib/Numeric/GSL.hs, dist/dist-sandbox-71d48313/build/Numeric/GSL.o )
[34 of 36] Compiling Numeric.LinearAlgebra.Util.Convolution ( lib/Numeric/LinearAlgebra/Util/Convolution.hs, dist/dist-sandbox-71d48313/build/Numeric/LinearAlgebra/Util/Convolution.o )
[35 of 36] Compiling Numeric.LinearAlgebra.Util ( lib/Numeric/LinearAlgebra/Util.hs, dist/dist-sandbox-71d48313/build/Numeric/LinearAlgebra/Util.o )
[36 of 36] Compiling Graphics.Plot    ( lib/Graphics/Plot.hs, dist/dist-sandbox-71d48313/build/Graphics/Plot.o )
lib/Numeric/GSL/gsl-aux.c: In function ‘integrate_cquad’:

lib/Numeric/GSL/gsl-aux.c:813:5:
     warning: passing argument 9 of ‘gsl_integration_cquad’ from incompatible pointer type [enabled by default]
         int res = gsl_integration_cquad (&F, a, b, aprec, prec, wk, result, error, neval);
         ^

In file included from lib/Numeric/GSL/gsl-aux.c:27:0: 

/usr/include/gsl/gsl_integration.h:315:1:
     note: expected ‘size_t *’ but argument is of type ‘int *’
     gsl_integration_cquad (const gsl_function * f, double a, double b,
     ^
In-place registering hmatrix-0.15.2.1...
Creating package registration file: /tmp/pkgConf-hmatrix-0.15.225409.1
Installing library in
/home/greghale/Programming/haskell/haskell-tetrode-ephys/.cabal-sandbox/lib/x86_64-linux-ghc-7.6.3/hmatrix-0.15.2.1
Registering hmatrix-0.15.2.1...
