Configuring mtl-2.0.1.1...
Building mtl-2.0.1.1...
Preprocessing library mtl-2.0.1.1...
[ 1 of 21] Compiling Control.Monad.Writer.Class ( Control/Monad/Writer/Class.hs, dist/dist-sandbox-71d48313/build/Control/Monad/Writer/Class.o )
[ 2 of 21] Compiling Control.Monad.State.Class ( Control/Monad/State/Class.hs, dist/dist-sandbox-71d48313/build/Control/Monad/State/Class.o )
[ 3 of 21] Compiling Control.Monad.Reader.Class ( Control/Monad/Reader/Class.hs, dist/dist-sandbox-71d48313/build/Control/Monad/Reader/Class.o )
[ 4 of 21] Compiling Control.Monad.RWS.Class ( Control/Monad/RWS/Class.hs, dist/dist-sandbox-71d48313/build/Control/Monad/RWS/Class.o )
[ 5 of 21] Compiling Control.Monad.Identity ( Control/Monad/Identity.hs, dist/dist-sandbox-71d48313/build/Control/Monad/Identity.o )
[ 6 of 21] Compiling Control.Monad.Error.Class ( Control/Monad/Error/Class.hs, dist/dist-sandbox-71d48313/build/Control/Monad/Error/Class.o )
[ 7 of 21] Compiling Control.Monad.Cont.Class ( Control/Monad/Cont/Class.hs, dist/dist-sandbox-71d48313/build/Control/Monad/Cont/Class.o )
[ 8 of 21] Compiling Control.Monad.Trans ( Control/Monad/Trans.hs, dist/dist-sandbox-71d48313/build/Control/Monad/Trans.o )
[ 9 of 21] Compiling Control.Monad.Error ( Control/Monad/Error.hs, dist/dist-sandbox-71d48313/build/Control/Monad/Error.o )
[10 of 21] Compiling Control.Monad.List ( Control/Monad/List.hs, dist/dist-sandbox-71d48313/build/Control/Monad/List.o )
[11 of 21] Compiling Control.Monad.RWS.Lazy ( Control/Monad/RWS/Lazy.hs, dist/dist-sandbox-71d48313/build/Control/Monad/RWS/Lazy.o )
[12 of 21] Compiling Control.Monad.RWS ( Control/Monad/RWS.hs, dist/dist-sandbox-71d48313/build/Control/Monad/RWS.o )
[13 of 21] Compiling Control.Monad.Reader ( Control/Monad/Reader.hs, dist/dist-sandbox-71d48313/build/Control/Monad/Reader.o )
[14 of 21] Compiling Control.Monad.RWS.Strict ( Control/Monad/RWS/Strict.hs, dist/dist-sandbox-71d48313/build/Control/Monad/RWS/Strict.o )
[15 of 21] Compiling Control.Monad.State.Lazy ( Control/Monad/State/Lazy.hs, dist/dist-sandbox-71d48313/build/Control/Monad/State/Lazy.o )
[16 of 21] Compiling Control.Monad.State ( Control/Monad/State.hs, dist/dist-sandbox-71d48313/build/Control/Monad/State.o )
[17 of 21] Compiling Control.Monad.State.Strict ( Control/Monad/State/Strict.hs, dist/dist-sandbox-71d48313/build/Control/Monad/State/Strict.o )
[18 of 21] Compiling Control.Monad.Writer.Lazy ( Control/Monad/Writer/Lazy.hs, dist/dist-sandbox-71d48313/build/Control/Monad/Writer/Lazy.o )
[19 of 21] Compiling Control.Monad.Writer ( Control/Monad/Writer.hs, dist/dist-sandbox-71d48313/build/Control/Monad/Writer.o )
[20 of 21] Compiling Control.Monad.Writer.Strict ( Control/Monad/Writer/Strict.hs, dist/dist-sandbox-71d48313/build/Control/Monad/Writer/Strict.o )
[21 of 21] Compiling Control.Monad.Cont ( Control/Monad/Cont.hs, dist/dist-sandbox-71d48313/build/Control/Monad/Cont.o )
In-place registering mtl-2.0.1.1...
Creating package registration file: /tmp/pkgConf-mtl-2.0.125409.1
Installing library in
/home/greghale/Programming/haskell/haskell-tetrode-ephys/.cabal-sandbox/lib/x86_64-linux-ghc-7.6.3/mtl-2.0.1.1
Registering mtl-2.0.1.1...
