Configuring OpenGLRaw-1.3.0.0...
Building OpenGLRaw-1.3.0.0...
Preprocessing library OpenGLRaw-1.3.0.0...
[  1 of 184] Compiling Graphics.Rendering.OpenGL.Raw.Core31.Types ( src/Graphics/Rendering/OpenGL/Raw/Core31/Types.hs, dist/dist-sandbox-71d48313/build/Graphics/Rendering/OpenGL/Raw/Core31/Types.o )
[  2 of 184] Compiling Graphics.Rendering.OpenGL.Raw.Core31.Tokens ( src/Graphics/Rendering/OpenGL/Raw/Core31/Tokens.hs, dist/dist-sandbox-71d48313/build/Graphics/Rendering/OpenGL/Raw/Core31/Tokens.o )
[  3 of 184] Compiling Graphics.Rendering.OpenGL.Raw.ARB.CreateContextProfile ( src/Graphics/Rendering/OpenGL/Raw/ARB/CreateContextProfile.hs, dist/dist-sandbox-71d48313/build/Graphics/Rendering/OpenGL/Raw/ARB/CreateContextProfile.o )
[  4 of 184] Compiling Graphics.Rendering.OpenGL.Raw.ARB.SeamlessCubeMap ( src/Graphics/Rendering/OpenGL/Raw/ARB/SeamlessCubeMap.hs, dist/dist-sandbox-71d48313/build/Graphics/Rendering/OpenGL/Raw/ARB/SeamlessCubeMap.o )
[  5 of 184] Compiling Graphics.Rendering.OpenGL.Raw.ARB.DepthClamp ( src/Graphics/Rendering/OpenGL/Raw/ARB/DepthClamp.hs, dist/dist-sandbox-71d48313/build/Graphics/Rendering/OpenGL/Raw/ARB/DepthClamp.o )
[  6 of 184] Compiling Graphics.Rendering.OpenGL.Raw.NV.DepthClamp ( src/Graphics/Rendering/OpenGL/Raw/NV/DepthClamp.hs, dist/dist-sandbox-71d48313/build/Graphics/Rendering/OpenGL/Raw/NV/DepthClamp.o )
[  7 of 184] Compiling Graphics.Rendering.OpenGL.Raw.ARB.TextureRectangle ( src/Graphics/Rendering/OpenGL/Raw/ARB/TextureRectangle.hs, dist/dist-sandbox-71d48313/build/Graphics/Rendering/OpenGL/Raw/ARB/TextureRectangle.o )
[  8 of 184] Compiling Graphics.Rendering.OpenGL.Raw.GetProcAddress ( src/Graphics/Rendering/OpenGL/Raw/GetProcAddress.hs, dist/dist-sandbox-71d48313/build/Graphics/Rendering/OpenGL/Raw/GetProcAddress.o )
[  9 of 184] Compiling Graphics.Rendering.OpenGL.Raw.Extensions ( src/Graphics/Rendering/OpenGL/Raw/Extensions.hs, dist/dist-sandbox-71d48313/build/Graphics/Rendering/OpenGL/Raw/Extensions.o )
[ 10 of 184] Compiling Graphics.Rendering.OpenGL.Raw.ARB.DrawInstanced ( src/Graphics/Rendering/OpenGL/Raw/ARB/DrawInstanced.hs, dist/dist-sandbox-71d48313/build/Graphics/Rendering/OpenGL/Raw/ARB/DrawInstanced.o )
[ 11 of 184] Compiling Graphics.Rendering.OpenGL.Raw.ARB.TextureBufferObject ( src/Graphics/Rendering/OpenGL/Raw/ARB/TextureBufferObject.hs, dist/dist-sandbox-71d48313/build/Graphics/Rendering/OpenGL/Raw/ARB/TextureBufferObject.o )
[ 12 of 184] Compiling Graphics.Rendering.OpenGL.Raw.ARB.UniformBufferObject ( src/Graphics/Rendering/OpenGL/Raw/ARB/UniformBufferObject.hs, dist/dist-sandbox-71d48313/build/Graphics/Rendering/OpenGL/Raw/ARB/UniformBufferObject.o )
[ 13 of 184] Compiling Graphics.Rendering.OpenGL.Raw.ARB.CopyBuffer ( src/Graphics/Rendering/OpenGL/Raw/ARB/CopyBuffer.hs, dist/dist-sandbox-71d48313/build/Graphics/Rendering/OpenGL/Raw/ARB/CopyBuffer.o )
[ 14 of 184] Compiling Graphics.Rendering.OpenGL.Raw.ARB.DrawElementsBaseVertex ( src/Graphics/Rendering/OpenGL/Raw/ARB/DrawElementsBaseVertex.hs, dist/dist-sandbox-71d48313/build/Graphics/Rendering/OpenGL/Raw/ARB/DrawElementsBaseVertex.o )
[ 15 of 184] Compiling Graphics.Rendering.OpenGL.Raw.ARB.ProvokingVertex ( src/Graphics/Rendering/OpenGL/Raw/ARB/ProvokingVertex.hs, dist/dist-sandbox-71d48313/build/Graphics/Rendering/OpenGL/Raw/ARB/ProvokingVertex.o )
[ 16 of 184] Compiling Graphics.Rendering.OpenGL.Raw.EXT.ProvokingVertex ( src/Graphics/Rendering/OpenGL/Raw/EXT/ProvokingVertex.hs, dist/dist-sandbox-71d48313/build/Graphics/Rendering/OpenGL/Raw/EXT/ProvokingVertex.o )
[ 17 of 184] Compiling Graphics.Rendering.OpenGL.Raw.ARB.Sync ( src/Graphics/Rendering/OpenGL/Raw/ARB/Sync.hs, dist/dist-sandbox-71d48313/build/Graphics/Rendering/OpenGL/Raw/ARB/Sync.o )
[ 18 of 184] Compiling Graphics.Rendering.OpenGL.Raw.ARB.TextureMultisample ( src/Graphics/Rendering/OpenGL/Raw/ARB/TextureMultisample.hs, dist/dist-sandbox-71d48313/build/Graphics/Rendering/OpenGL/Raw/ARB/TextureMultisample.o )
[ 19 of 184] Compiling Graphics.Rendering.OpenGL.Raw.Core31.Functions ( src/Graphics/Rendering/OpenGL/Raw/Core31/Functions.hs, dist/dist-sandbox-71d48313/build/Graphics/Rendering/OpenGL/Raw/Core31/Functions.o )
[ 20 of 184] Compiling Graphics.Rendering.OpenGL.Raw.ARB.GeometryShader4 ( src/Graphics/Rendering/OpenGL/Raw/ARB/GeometryShader4.hs, dist/dist-sandbox-71d48313/build/Graphics/Rendering/OpenGL/Raw/ARB/GeometryShader4.o )
[ 21 of 184] Compiling Graphics.Rendering.OpenGL.Raw.EXT.GeometryShader4 ( src/Graphics/Rendering/OpenGL/Raw/EXT/GeometryShader4.hs, dist/dist-sandbox-71d48313/build/Graphics/Rendering/OpenGL/Raw/EXT/GeometryShader4.o )
[ 22 of 184] Compiling Graphics.Rendering.OpenGL.Raw.Core31 ( src/Graphics/Rendering/OpenGL/Raw/Core31.hs, dist/dist-sandbox-71d48313/build/Graphics/Rendering/OpenGL/Raw/Core31.o )
[ 23 of 184] Compiling Graphics.Rendering.OpenGL.Raw.ARB.Compatibility.Functions ( src/Graphics/Rendering/OpenGL/Raw/ARB/Compatibility/Functions.hs, dist/dist-sandbox-71d48313/build/Graphics/Rendering/OpenGL/Raw/ARB/Compatibility/Functions.o )
[ 24 of 184] Compiling Graphics.Rendering.OpenGL.Raw.ARB.Compatibility.Tokens ( src/Graphics/Rendering/OpenGL/Raw/ARB/Compatibility/Tokens.hs, dist/dist-sandbox-71d48313/build/Graphics/Rendering/OpenGL/Raw/ARB/Compatibility/Tokens.o )
[ 25 of 184] Compiling Graphics.Rendering.OpenGL.Raw.ARB.Compatibility ( src/Graphics/Rendering/OpenGL/Raw/ARB/Compatibility.hs, dist/dist-sandbox-71d48313/build/Graphics/Rendering/OpenGL/Raw/ARB/Compatibility.o )
[ 26 of 184] Compiling Graphics.Rendering.OpenGL.Raw.ARB.TransposeMatrix ( src/Graphics/Rendering/OpenGL/Raw/ARB/TransposeMatrix.hs, dist/dist-sandbox-71d48313/build/Graphics/Rendering/OpenGL/Raw/ARB/TransposeMatrix.o )
[ 27 of 184] Compiling Graphics.Rendering.OpenGL.Raw.ARB.TextureEnvAdd ( src/Graphics/Rendering/OpenGL/Raw/ARB/TextureEnvAdd.hs, dist/dist-sandbox-71d48313/build/Graphics/Rendering/OpenGL/Raw/ARB/TextureEnvAdd.o )
[ 28 of 184] Compiling Graphics.Rendering.OpenGL.Raw.ARB.TextureEnvDot3 ( src/Graphics/Rendering/OpenGL/Raw/ARB/TextureEnvDot3.hs, dist/dist-sandbox-71d48313/build/Graphics/Rendering/OpenGL/Raw/ARB/TextureEnvDot3.o )
[ 29 of 184] Compiling Graphics.Rendering.OpenGL.Raw.ARB.WindowPos ( src/Graphics/Rendering/OpenGL/Raw/ARB/WindowPos.hs, dist/dist-sandbox-71d48313/build/Graphics/Rendering/OpenGL/Raw/ARB/WindowPos.o )
[ 30 of 184] Compiling Graphics.Rendering.OpenGL.Raw.ARB.PointSprite ( src/Graphics/Rendering/OpenGL/Raw/ARB/PointSprite.hs, dist/dist-sandbox-71d48313/build/Graphics/Rendering/OpenGL/Raw/ARB/PointSprite.o )
[ 31 of 184] Compiling Graphics.Rendering.OpenGL.Raw.ARB.FramebufferObject ( src/Graphics/Rendering/OpenGL/Raw/ARB/FramebufferObject.hs, dist/dist-sandbox-71d48313/build/Graphics/Rendering/OpenGL/Raw/ARB/FramebufferObject.o )
[ 32 of 184] Compiling Graphics.Rendering.OpenGL.Raw.EXT.Histogram ( src/Graphics/Rendering/OpenGL/Raw/EXT/Histogram.hs, dist/dist-sandbox-71d48313/build/Graphics/Rendering/OpenGL/Raw/EXT/Histogram.o )
[ 33 of 184] Compiling Graphics.Rendering.OpenGL.Raw.EXT.Convolution ( src/Graphics/Rendering/OpenGL/Raw/EXT/Convolution.hs, dist/dist-sandbox-71d48313/build/Graphics/Rendering/OpenGL/Raw/EXT/Convolution.o )
[ 34 of 184] Compiling Graphics.Rendering.OpenGL.Raw.EXT.RescaleNormal ( src/Graphics/Rendering/OpenGL/Raw/EXT/RescaleNormal.hs, dist/dist-sandbox-71d48313/build/Graphics/Rendering/OpenGL/Raw/EXT/RescaleNormal.o )
[ 35 of 184] Compiling Graphics.Rendering.OpenGL.Raw.EXT.ColorSubtable ( src/Graphics/Rendering/OpenGL/Raw/EXT/ColorSubtable.hs, dist/dist-sandbox-71d48313/build/Graphics/Rendering/OpenGL/Raw/EXT/ColorSubtable.o )
[ 36 of 184] Compiling Graphics.Rendering.OpenGL.Raw.EXT.SeparateSpecularColor ( src/Graphics/Rendering/OpenGL/Raw/EXT/SeparateSpecularColor.hs, dist/dist-sandbox-71d48313/build/Graphics/Rendering/OpenGL/Raw/EXT/SeparateSpecularColor.o )
[ 37 of 184] Compiling Graphics.Rendering.OpenGL.Raw.EXT.SecondaryColor ( src/Graphics/Rendering/OpenGL/Raw/EXT/SecondaryColor.hs, dist/dist-sandbox-71d48313/build/Graphics/Rendering/OpenGL/Raw/EXT/SecondaryColor.o )
[ 38 of 184] Compiling Graphics.Rendering.OpenGL.Raw.EXT.FogCoord ( src/Graphics/Rendering/OpenGL/Raw/EXT/FogCoord.hs, dist/dist-sandbox-71d48313/build/Graphics/Rendering/OpenGL/Raw/EXT/FogCoord.o )
[ 39 of 184] Compiling Graphics.Rendering.OpenGL.Raw.EXT.TextureEnvCombine ( src/Graphics/Rendering/OpenGL/Raw/EXT/TextureEnvCombine.hs, dist/dist-sandbox-71d48313/build/Graphics/Rendering/OpenGL/Raw/EXT/TextureEnvCombine.o )
[ 40 of 184] Compiling Graphics.Rendering.OpenGL.Raw.EXT.TextureEnvAdd ( src/Graphics/Rendering/OpenGL/Raw/EXT/TextureEnvAdd.hs, dist/dist-sandbox-71d48313/build/Graphics/Rendering/OpenGL/Raw/EXT/TextureEnvAdd.o )
[ 41 of 184] Compiling Graphics.Rendering.OpenGL.Raw.EXT.TextureEnvDot3 ( src/Graphics/Rendering/OpenGL/Raw/EXT/TextureEnvDot3.hs, dist/dist-sandbox-71d48313/build/Graphics/Rendering/OpenGL/Raw/EXT/TextureEnvDot3.o )
[ 42 of 184] Compiling Graphics.Rendering.OpenGL.Raw.NV.TexgenReflection ( src/Graphics/Rendering/OpenGL/Raw/NV/TexgenReflection.hs, dist/dist-sandbox-71d48313/build/Graphics/Rendering/OpenGL/Raw/NV/TexgenReflection.o )
[ 43 of 184] Compiling Graphics.Rendering.OpenGL.Raw.EXT.IndexMaterial ( src/Graphics/Rendering/OpenGL/Raw/EXT/IndexMaterial.hs, dist/dist-sandbox-71d48313/build/Graphics/Rendering/OpenGL/Raw/EXT/IndexMaterial.o )
[ 44 of 184] Compiling Graphics.Rendering.OpenGL.Raw.EXT.SceneMarker ( src/Graphics/Rendering/OpenGL/Raw/EXT/SceneMarker.hs, dist/dist-sandbox-71d48313/build/Graphics/Rendering/OpenGL/Raw/EXT/SceneMarker.o )
[ 45 of 184] Compiling Graphics.Rendering.OpenGL.Raw.EXT.TexturePerturbNormal ( src/Graphics/Rendering/OpenGL/Raw/EXT/TexturePerturbNormal.hs, dist/dist-sandbox-71d48313/build/Graphics/Rendering/OpenGL/Raw/EXT/TexturePerturbNormal.o )
[ 46 of 184] Compiling Graphics.Rendering.OpenGL.Raw.EXT.CoordinateFrame ( src/Graphics/Rendering/OpenGL/Raw/EXT/CoordinateFrame.hs, dist/dist-sandbox-71d48313/build/Graphics/Rendering/OpenGL/Raw/EXT/CoordinateFrame.o )
[ 47 of 184] Compiling Graphics.Rendering.OpenGL.Raw.EXT.StencilTwoSide ( src/Graphics/Rendering/OpenGL/Raw/EXT/StencilTwoSide.hs, dist/dist-sandbox-71d48313/build/Graphics/Rendering/OpenGL/Raw/EXT/StencilTwoSide.o )
[ 48 of 184] Compiling Graphics.Rendering.OpenGL.Raw.EXT.DepthBoundsTest ( src/Graphics/Rendering/OpenGL/Raw/EXT/DepthBoundsTest.hs, dist/dist-sandbox-71d48313/build/Graphics/Rendering/OpenGL/Raw/EXT/DepthBoundsTest.o )
[ 49 of 184] Compiling Graphics.Rendering.OpenGL.Raw.EXT.StencilClearTag ( src/Graphics/Rendering/OpenGL/Raw/EXT/StencilClearTag.hs, dist/dist-sandbox-71d48313/build/Graphics/Rendering/OpenGL/Raw/EXT/StencilClearTag.o )
[ 50 of 184] Compiling Graphics.Rendering.OpenGL.Raw.EXT.TimerQuery ( src/Graphics/Rendering/OpenGL/Raw/EXT/TimerQuery.hs, dist/dist-sandbox-71d48313/build/Graphics/Rendering/OpenGL/Raw/EXT/TimerQuery.o )
[ 51 of 184] Compiling Graphics.Rendering.OpenGL.Raw.EXT.GpuProgramParameters ( src/Graphics/Rendering/OpenGL/Raw/EXT/GpuProgramParameters.hs, dist/dist-sandbox-71d48313/build/Graphics/Rendering/OpenGL/Raw/EXT/GpuProgramParameters.o )
[ 52 of 184] Compiling Graphics.Rendering.OpenGL.Raw.EXT.BindableUniform ( src/Graphics/Rendering/OpenGL/Raw/EXT/BindableUniform.hs, dist/dist-sandbox-71d48313/build/Graphics/Rendering/OpenGL/Raw/EXT/BindableUniform.o )
[ 53 of 184] Compiling Graphics.Rendering.OpenGL.Raw.EXT.TextureInteger ( src/Graphics/Rendering/OpenGL/Raw/EXT/TextureInteger.hs, dist/dist-sandbox-71d48313/build/Graphics/Rendering/OpenGL/Raw/EXT/TextureInteger.o )
[ 54 of 184] Compiling Graphics.Rendering.OpenGL.Raw.EXT.DirectStateAccess ( src/Graphics/Rendering/OpenGL/Raw/EXT/DirectStateAccess.hs, dist/dist-sandbox-71d48313/build/Graphics/Rendering/OpenGL/Raw/EXT/DirectStateAccess.o )
[ 55 of 184] Compiling Graphics.Rendering.OpenGL.Raw.NV.VertexArrayRange ( src/Graphics/Rendering/OpenGL/Raw/NV/VertexArrayRange.hs, dist/dist-sandbox-71d48313/build/Graphics/Rendering/OpenGL/Raw/NV/VertexArrayRange.o )
[ 56 of 184] Compiling Graphics.Rendering.OpenGL.Raw.NV.RegisterCombiners ( src/Graphics/Rendering/OpenGL/Raw/NV/RegisterCombiners.hs, dist/dist-sandbox-71d48313/build/Graphics/Rendering/OpenGL/Raw/NV/RegisterCombiners.o )
[ 57 of 184] Compiling Graphics.Rendering.OpenGL.Raw.NV.Fence ( src/Graphics/Rendering/OpenGL/Raw/NV/Fence.hs, dist/dist-sandbox-71d48313/build/Graphics/Rendering/OpenGL/Raw/NV/Fence.o )
[ 58 of 184] Compiling Graphics.Rendering.OpenGL.Raw.NV.RegisterCombiners2 ( src/Graphics/Rendering/OpenGL/Raw/NV/RegisterCombiners2.hs, dist/dist-sandbox-71d48313/build/Graphics/Rendering/OpenGL/Raw/NV/RegisterCombiners2.o )
[ 59 of 184] Compiling Graphics.Rendering.OpenGL.Raw.NV.OcclusionQuery ( src/Graphics/Rendering/OpenGL/Raw/NV/OcclusionQuery.hs, dist/dist-sandbox-71d48313/build/Graphics/Rendering/OpenGL/Raw/NV/OcclusionQuery.o )
[ 60 of 184] Compiling Graphics.Rendering.OpenGL.Raw.NV.PrimitiveRestart ( src/Graphics/Rendering/OpenGL/Raw/NV/PrimitiveRestart.hs, dist/dist-sandbox-71d48313/build/Graphics/Rendering/OpenGL/Raw/NV/PrimitiveRestart.o )
[ 61 of 184] Compiling Graphics.Rendering.OpenGL.Raw.NV.FramebufferMultisampleCoverage ( src/Graphics/Rendering/OpenGL/Raw/NV/FramebufferMultisampleCoverage.hs, dist/dist-sandbox-71d48313/build/Graphics/Rendering/OpenGL/Raw/NV/FramebufferMultisampleCoverage.o )
[ 62 of 184] Compiling Graphics.Rendering.OpenGL.Raw.NV.PathRendering ( src/Graphics/Rendering/OpenGL/Raw/NV/PathRendering.hs, dist/dist-sandbox-71d48313/build/Graphics/Rendering/OpenGL/Raw/NV/PathRendering.o )
[ 63 of 184] Compiling Graphics.Rendering.OpenGL.Raw.Core32 ( src/Graphics/Rendering/OpenGL/Raw/Core32.hs, dist/dist-sandbox-71d48313/build/Graphics/Rendering/OpenGL/Raw/Core32.o )
[ 64 of 184] Compiling Graphics.Rendering.OpenGL.Raw.ARB.Multitexture ( src/Graphics/Rendering/OpenGL/Raw/ARB/Multitexture.hs, dist/dist-sandbox-71d48313/build/Graphics/Rendering/OpenGL/Raw/ARB/Multitexture.o )
[ 65 of 184] Compiling Graphics.Rendering.OpenGL.Raw.ARB.Multisample ( src/Graphics/Rendering/OpenGL/Raw/ARB/Multisample.hs, dist/dist-sandbox-71d48313/build/Graphics/Rendering/OpenGL/Raw/ARB/Multisample.o )
[ 66 of 184] Compiling Graphics.Rendering.OpenGL.Raw.ARB.TextureCubeMap ( src/Graphics/Rendering/OpenGL/Raw/ARB/TextureCubeMap.hs, dist/dist-sandbox-71d48313/build/Graphics/Rendering/OpenGL/Raw/ARB/TextureCubeMap.o )
[ 67 of 184] Compiling Graphics.Rendering.OpenGL.Raw.ARB.TextureCompression ( src/Graphics/Rendering/OpenGL/Raw/ARB/TextureCompression.hs, dist/dist-sandbox-71d48313/build/Graphics/Rendering/OpenGL/Raw/ARB/TextureCompression.o )
[ 68 of 184] Compiling Graphics.Rendering.OpenGL.Raw.ARB.TextureBorderClamp ( src/Graphics/Rendering/OpenGL/Raw/ARB/TextureBorderClamp.hs, dist/dist-sandbox-71d48313/build/Graphics/Rendering/OpenGL/Raw/ARB/TextureBorderClamp.o )
[ 69 of 184] Compiling Graphics.Rendering.OpenGL.Raw.ARB.PointParameters ( src/Graphics/Rendering/OpenGL/Raw/ARB/PointParameters.hs, dist/dist-sandbox-71d48313/build/Graphics/Rendering/OpenGL/Raw/ARB/PointParameters.o )
[ 70 of 184] Compiling Graphics.Rendering.OpenGL.Raw.ARB.VertexBlend ( src/Graphics/Rendering/OpenGL/Raw/ARB/VertexBlend.hs, dist/dist-sandbox-71d48313/build/Graphics/Rendering/OpenGL/Raw/ARB/VertexBlend.o )
[ 71 of 184] Compiling Graphics.Rendering.OpenGL.Raw.EXT.VertexWeighting ( src/Graphics/Rendering/OpenGL/Raw/EXT/VertexWeighting.hs, dist/dist-sandbox-71d48313/build/Graphics/Rendering/OpenGL/Raw/EXT/VertexWeighting.o )
[ 72 of 184] Compiling Graphics.Rendering.OpenGL.Raw.ARB.MatrixPalette ( src/Graphics/Rendering/OpenGL/Raw/ARB/MatrixPalette.hs, dist/dist-sandbox-71d48313/build/Graphics/Rendering/OpenGL/Raw/ARB/MatrixPalette.o )
[ 73 of 184] Compiling Graphics.Rendering.OpenGL.Raw.ARB.TextureEnvCombine ( src/Graphics/Rendering/OpenGL/Raw/ARB/TextureEnvCombine.hs, dist/dist-sandbox-71d48313/build/Graphics/Rendering/OpenGL/Raw/ARB/TextureEnvCombine.o )
[ 74 of 184] Compiling Graphics.Rendering.OpenGL.Raw.ARB.TextureEnvCrossbar ( src/Graphics/Rendering/OpenGL/Raw/ARB/TextureEnvCrossbar.hs, dist/dist-sandbox-71d48313/build/Graphics/Rendering/OpenGL/Raw/ARB/TextureEnvCrossbar.o )
[ 75 of 184] Compiling Graphics.Rendering.OpenGL.Raw.ARB.TextureMirroredRepeat ( src/Graphics/Rendering/OpenGL/Raw/ARB/TextureMirroredRepeat.hs, dist/dist-sandbox-71d48313/build/Graphics/Rendering/OpenGL/Raw/ARB/TextureMirroredRepeat.o )
[ 76 of 184] Compiling Graphics.Rendering.OpenGL.Raw.ARB.DepthTexture ( src/Graphics/Rendering/OpenGL/Raw/ARB/DepthTexture.hs, dist/dist-sandbox-71d48313/build/Graphics/Rendering/OpenGL/Raw/ARB/DepthTexture.o )
[ 77 of 184] Compiling Graphics.Rendering.OpenGL.Raw.ARB.Shadow ( src/Graphics/Rendering/OpenGL/Raw/ARB/Shadow.hs, dist/dist-sandbox-71d48313/build/Graphics/Rendering/OpenGL/Raw/ARB/Shadow.o )
[ 78 of 184] Compiling Graphics.Rendering.OpenGL.Raw.ARB.ShadowAmbient ( src/Graphics/Rendering/OpenGL/Raw/ARB/ShadowAmbient.hs, dist/dist-sandbox-71d48313/build/Graphics/Rendering/OpenGL/Raw/ARB/ShadowAmbient.o )
[ 79 of 184] Compiling Graphics.Rendering.OpenGL.Raw.ARB.VertexProgram ( src/Graphics/Rendering/OpenGL/Raw/ARB/VertexProgram.hs, dist/dist-sandbox-71d48313/build/Graphics/Rendering/OpenGL/Raw/ARB/VertexProgram.o )
[ 80 of 184] Compiling Graphics.Rendering.OpenGL.Raw.NV.VertexProgram ( src/Graphics/Rendering/OpenGL/Raw/NV/VertexProgram.hs, dist/dist-sandbox-71d48313/build/Graphics/Rendering/OpenGL/Raw/NV/VertexProgram.o )
[ 81 of 184] Compiling Graphics.Rendering.OpenGL.Raw.ARB.FragmentProgram ( src/Graphics/Rendering/OpenGL/Raw/ARB/FragmentProgram.hs, dist/dist-sandbox-71d48313/build/Graphics/Rendering/OpenGL/Raw/ARB/FragmentProgram.o )
[ 82 of 184] Compiling Graphics.Rendering.OpenGL.Raw.NV.FragmentProgram ( src/Graphics/Rendering/OpenGL/Raw/NV/FragmentProgram.hs, dist/dist-sandbox-71d48313/build/Graphics/Rendering/OpenGL/Raw/NV/FragmentProgram.o )
[ 83 of 184] Compiling Graphics.Rendering.OpenGL.Raw.ARB.VertexBufferObject ( src/Graphics/Rendering/OpenGL/Raw/ARB/VertexBufferObject.hs, dist/dist-sandbox-71d48313/build/Graphics/Rendering/OpenGL/Raw/ARB/VertexBufferObject.o )
[ 84 of 184] Compiling Graphics.Rendering.OpenGL.Raw.ARB.OcclusionQuery ( src/Graphics/Rendering/OpenGL/Raw/ARB/OcclusionQuery.hs, dist/dist-sandbox-71d48313/build/Graphics/Rendering/OpenGL/Raw/ARB/OcclusionQuery.o )
[ 85 of 184] Compiling Graphics.Rendering.OpenGL.Raw.ARB.ShaderObjects ( src/Graphics/Rendering/OpenGL/Raw/ARB/ShaderObjects.hs, dist/dist-sandbox-71d48313/build/Graphics/Rendering/OpenGL/Raw/ARB/ShaderObjects.o )
[ 86 of 184] Compiling Graphics.Rendering.OpenGL.Raw.ARB.VertexShader ( src/Graphics/Rendering/OpenGL/Raw/ARB/VertexShader.hs, dist/dist-sandbox-71d48313/build/Graphics/Rendering/OpenGL/Raw/ARB/VertexShader.o )
[ 87 of 184] Compiling Graphics.Rendering.OpenGL.Raw.NV.VertexProgram3 ( src/Graphics/Rendering/OpenGL/Raw/NV/VertexProgram3.hs, dist/dist-sandbox-71d48313/build/Graphics/Rendering/OpenGL/Raw/NV/VertexProgram3.o )
[ 88 of 184] Compiling Graphics.Rendering.OpenGL.Raw.ARB.FragmentShader ( src/Graphics/Rendering/OpenGL/Raw/ARB/FragmentShader.hs, dist/dist-sandbox-71d48313/build/Graphics/Rendering/OpenGL/Raw/ARB/FragmentShader.o )
[ 89 of 184] Compiling Graphics.Rendering.OpenGL.Raw.ARB.ShadingLanguage100 ( src/Graphics/Rendering/OpenGL/Raw/ARB/ShadingLanguage100.hs, dist/dist-sandbox-71d48313/build/Graphics/Rendering/OpenGL/Raw/ARB/ShadingLanguage100.o )
[ 90 of 184] Compiling Graphics.Rendering.OpenGL.Raw.ARB.DrawBuffers ( src/Graphics/Rendering/OpenGL/Raw/ARB/DrawBuffers.hs, dist/dist-sandbox-71d48313/build/Graphics/Rendering/OpenGL/Raw/ARB/DrawBuffers.o )
[ 91 of 184] Compiling Graphics.Rendering.OpenGL.Raw.ARB.ColorBufferFloat ( src/Graphics/Rendering/OpenGL/Raw/ARB/ColorBufferFloat.hs, dist/dist-sandbox-71d48313/build/Graphics/Rendering/OpenGL/Raw/ARB/ColorBufferFloat.o )
[ 92 of 184] Compiling Graphics.Rendering.OpenGL.Raw.ARB.HalfFloatPixel ( src/Graphics/Rendering/OpenGL/Raw/ARB/HalfFloatPixel.hs, dist/dist-sandbox-71d48313/build/Graphics/Rendering/OpenGL/Raw/ARB/HalfFloatPixel.o )
[ 93 of 184] Compiling Graphics.Rendering.OpenGL.Raw.ARB.TextureFloat ( src/Graphics/Rendering/OpenGL/Raw/ARB/TextureFloat.hs, dist/dist-sandbox-71d48313/build/Graphics/Rendering/OpenGL/Raw/ARB/TextureFloat.o )
[ 94 of 184] Compiling Graphics.Rendering.OpenGL.Raw.ARB.PixelBufferObject ( src/Graphics/Rendering/OpenGL/Raw/ARB/PixelBufferObject.hs, dist/dist-sandbox-71d48313/build/Graphics/Rendering/OpenGL/Raw/ARB/PixelBufferObject.o )
[ 95 of 184] Compiling Graphics.Rendering.OpenGL.Raw.ARB.DepthBufferFloat ( src/Graphics/Rendering/OpenGL/Raw/ARB/DepthBufferFloat.hs, dist/dist-sandbox-71d48313/build/Graphics/Rendering/OpenGL/Raw/ARB/DepthBufferFloat.o )
[ 96 of 184] Compiling Graphics.Rendering.OpenGL.Raw.ARB.FramebufferSRGB ( src/Graphics/Rendering/OpenGL/Raw/ARB/FramebufferSRGB.hs, dist/dist-sandbox-71d48313/build/Graphics/Rendering/OpenGL/Raw/ARB/FramebufferSRGB.o )
[ 97 of 184] Compiling Graphics.Rendering.OpenGL.Raw.ARB.HalfFloatVertex ( src/Graphics/Rendering/OpenGL/Raw/ARB/HalfFloatVertex.hs, dist/dist-sandbox-71d48313/build/Graphics/Rendering/OpenGL/Raw/ARB/HalfFloatVertex.o )
[ 98 of 184] Compiling Graphics.Rendering.OpenGL.Raw.ARB.InstancedArrays ( src/Graphics/Rendering/OpenGL/Raw/ARB/InstancedArrays.hs, dist/dist-sandbox-71d48313/build/Graphics/Rendering/OpenGL/Raw/ARB/InstancedArrays.o )
[ 99 of 184] Compiling Graphics.Rendering.OpenGL.Raw.ARB.MapBufferRange ( src/Graphics/Rendering/OpenGL/Raw/ARB/MapBufferRange.hs, dist/dist-sandbox-71d48313/build/Graphics/Rendering/OpenGL/Raw/ARB/MapBufferRange.o )
[100 of 184] Compiling Graphics.Rendering.OpenGL.Raw.ARB.TextureCompressionRGTC ( src/Graphics/Rendering/OpenGL/Raw/ARB/TextureCompressionRGTC.hs, dist/dist-sandbox-71d48313/build/Graphics/Rendering/OpenGL/Raw/ARB/TextureCompressionRGTC.o )
[101 of 184] Compiling Graphics.Rendering.OpenGL.Raw.ARB.TextureRG ( src/Graphics/Rendering/OpenGL/Raw/ARB/TextureRG.hs, dist/dist-sandbox-71d48313/build/Graphics/Rendering/OpenGL/Raw/ARB/TextureRG.o )
[102 of 184] Compiling Graphics.Rendering.OpenGL.Raw.ARB.VertexArrayObject ( src/Graphics/Rendering/OpenGL/Raw/ARB/VertexArrayObject.hs, dist/dist-sandbox-71d48313/build/Graphics/Rendering/OpenGL/Raw/ARB/VertexArrayObject.o )
[103 of 184] Compiling Graphics.Rendering.OpenGL.Raw.ARB.DrawBuffersBlend ( src/Graphics/Rendering/OpenGL/Raw/ARB/DrawBuffersBlend.hs, dist/dist-sandbox-71d48313/build/Graphics/Rendering/OpenGL/Raw/ARB/DrawBuffersBlend.o )
[104 of 184] Compiling Graphics.Rendering.OpenGL.Raw.ARB.SampleShading ( src/Graphics/Rendering/OpenGL/Raw/ARB/SampleShading.hs, dist/dist-sandbox-71d48313/build/Graphics/Rendering/OpenGL/Raw/ARB/SampleShading.o )
[105 of 184] Compiling Graphics.Rendering.OpenGL.Raw.ARB.TextureCubeMapArray ( src/Graphics/Rendering/OpenGL/Raw/ARB/TextureCubeMapArray.hs, dist/dist-sandbox-71d48313/build/Graphics/Rendering/OpenGL/Raw/ARB/TextureCubeMapArray.o )
[106 of 184] Compiling Graphics.Rendering.OpenGL.Raw.ARB.TextureGather ( src/Graphics/Rendering/OpenGL/Raw/ARB/TextureGather.hs, dist/dist-sandbox-71d48313/build/Graphics/Rendering/OpenGL/Raw/ARB/TextureGather.o )
[107 of 184] Compiling Graphics.Rendering.OpenGL.Raw.EXT.Abgr ( src/Graphics/Rendering/OpenGL/Raw/EXT/Abgr.hs, dist/dist-sandbox-71d48313/build/Graphics/Rendering/OpenGL/Raw/EXT/Abgr.o )
[108 of 184] Compiling Graphics.Rendering.OpenGL.Raw.EXT.BlendColor ( src/Graphics/Rendering/OpenGL/Raw/EXT/BlendColor.hs, dist/dist-sandbox-71d48313/build/Graphics/Rendering/OpenGL/Raw/EXT/BlendColor.o )
[109 of 184] Compiling Graphics.Rendering.OpenGL.Raw.EXT.PolygonOffset ( src/Graphics/Rendering/OpenGL/Raw/EXT/PolygonOffset.hs, dist/dist-sandbox-71d48313/build/Graphics/Rendering/OpenGL/Raw/EXT/PolygonOffset.o )
[110 of 184] Compiling Graphics.Rendering.OpenGL.Raw.EXT.Texture ( src/Graphics/Rendering/OpenGL/Raw/EXT/Texture.hs, dist/dist-sandbox-71d48313/build/Graphics/Rendering/OpenGL/Raw/EXT/Texture.o )
[111 of 184] Compiling Graphics.Rendering.OpenGL.Raw.EXT.Texture3D ( src/Graphics/Rendering/OpenGL/Raw/EXT/Texture3D.hs, dist/dist-sandbox-71d48313/build/Graphics/Rendering/OpenGL/Raw/EXT/Texture3D.o )
[112 of 184] Compiling Graphics.Rendering.OpenGL.Raw.EXT.Subtexture ( src/Graphics/Rendering/OpenGL/Raw/EXT/Subtexture.hs, dist/dist-sandbox-71d48313/build/Graphics/Rendering/OpenGL/Raw/EXT/Subtexture.o )
[113 of 184] Compiling Graphics.Rendering.OpenGL.Raw.EXT.CopyTexture ( src/Graphics/Rendering/OpenGL/Raw/EXT/CopyTexture.hs, dist/dist-sandbox-71d48313/build/Graphics/Rendering/OpenGL/Raw/EXT/CopyTexture.o )
[114 of 184] Compiling Graphics.Rendering.OpenGL.Raw.EXT.Cmyka ( src/Graphics/Rendering/OpenGL/Raw/EXT/Cmyka.hs, dist/dist-sandbox-71d48313/build/Graphics/Rendering/OpenGL/Raw/EXT/Cmyka.o )
[115 of 184] Compiling Graphics.Rendering.OpenGL.Raw.EXT.TextureObject ( src/Graphics/Rendering/OpenGL/Raw/EXT/TextureObject.hs, dist/dist-sandbox-71d48313/build/Graphics/Rendering/OpenGL/Raw/EXT/TextureObject.o )
[116 of 184] Compiling Graphics.Rendering.OpenGL.Raw.EXT.PackedPixels ( src/Graphics/Rendering/OpenGL/Raw/EXT/PackedPixels.hs, dist/dist-sandbox-71d48313/build/Graphics/Rendering/OpenGL/Raw/EXT/PackedPixels.o )
[117 of 184] Compiling Graphics.Rendering.OpenGL.Raw.EXT.VertexArray ( src/Graphics/Rendering/OpenGL/Raw/EXT/VertexArray.hs, dist/dist-sandbox-71d48313/build/Graphics/Rendering/OpenGL/Raw/EXT/VertexArray.o )
[118 of 184] Compiling Graphics.Rendering.OpenGL.Raw.EXT.BlendMinmax ( src/Graphics/Rendering/OpenGL/Raw/EXT/BlendMinmax.hs, dist/dist-sandbox-71d48313/build/Graphics/Rendering/OpenGL/Raw/EXT/BlendMinmax.o )
[119 of 184] Compiling Graphics.Rendering.OpenGL.Raw.EXT.BlendSubtract ( src/Graphics/Rendering/OpenGL/Raw/EXT/BlendSubtract.hs, dist/dist-sandbox-71d48313/build/Graphics/Rendering/OpenGL/Raw/EXT/BlendSubtract.o )
[120 of 184] Compiling Graphics.Rendering.OpenGL.Raw.EXT.PointParameters ( src/Graphics/Rendering/OpenGL/Raw/EXT/PointParameters.hs, dist/dist-sandbox-71d48313/build/Graphics/Rendering/OpenGL/Raw/EXT/PointParameters.o )
[121 of 184] Compiling Graphics.Rendering.OpenGL.Raw.EXT.PalettedTexture ( src/Graphics/Rendering/OpenGL/Raw/EXT/PalettedTexture.hs, dist/dist-sandbox-71d48313/build/Graphics/Rendering/OpenGL/Raw/EXT/PalettedTexture.o )
[122 of 184] Compiling Graphics.Rendering.OpenGL.Raw.EXT.ClipVolumeHint ( src/Graphics/Rendering/OpenGL/Raw/EXT/ClipVolumeHint.hs, dist/dist-sandbox-71d48313/build/Graphics/Rendering/OpenGL/Raw/EXT/ClipVolumeHint.o )
[123 of 184] Compiling Graphics.Rendering.OpenGL.Raw.EXT.IndexFunc ( src/Graphics/Rendering/OpenGL/Raw/EXT/IndexFunc.hs, dist/dist-sandbox-71d48313/build/Graphics/Rendering/OpenGL/Raw/EXT/IndexFunc.o )
[124 of 184] Compiling Graphics.Rendering.OpenGL.Raw.EXT.IndexArrayFormats ( src/Graphics/Rendering/OpenGL/Raw/EXT/IndexArrayFormats.hs, dist/dist-sandbox-71d48313/build/Graphics/Rendering/OpenGL/Raw/EXT/IndexArrayFormats.o )
[125 of 184] Compiling Graphics.Rendering.OpenGL.Raw.EXT.CompiledVertexArray ( src/Graphics/Rendering/OpenGL/Raw/EXT/CompiledVertexArray.hs, dist/dist-sandbox-71d48313/build/Graphics/Rendering/OpenGL/Raw/EXT/CompiledVertexArray.o )
[126 of 184] Compiling Graphics.Rendering.OpenGL.Raw.EXT.CullVertex ( src/Graphics/Rendering/OpenGL/Raw/EXT/CullVertex.hs, dist/dist-sandbox-71d48313/build/Graphics/Rendering/OpenGL/Raw/EXT/CullVertex.o )
[127 of 184] Compiling Graphics.Rendering.OpenGL.Raw.EXT.FragmentLighting ( src/Graphics/Rendering/OpenGL/Raw/EXT/FragmentLighting.hs, dist/dist-sandbox-71d48313/build/Graphics/Rendering/OpenGL/Raw/EXT/FragmentLighting.o )
[128 of 184] Compiling Graphics.Rendering.OpenGL.Raw.EXT.DrawRangeElements ( src/Graphics/Rendering/OpenGL/Raw/EXT/DrawRangeElements.hs, dist/dist-sandbox-71d48313/build/Graphics/Rendering/OpenGL/Raw/EXT/DrawRangeElements.o )
[129 of 184] Compiling Graphics.Rendering.OpenGL.Raw.EXT.LightTexture ( src/Graphics/Rendering/OpenGL/Raw/EXT/LightTexture.hs, dist/dist-sandbox-71d48313/build/Graphics/Rendering/OpenGL/Raw/EXT/LightTexture.o )
[130 of 184] Compiling Graphics.Rendering.OpenGL.Raw.EXT.Bgra ( src/Graphics/Rendering/OpenGL/Raw/EXT/Bgra.hs, dist/dist-sandbox-71d48313/build/Graphics/Rendering/OpenGL/Raw/EXT/Bgra.o )
[131 of 184] Compiling Graphics.Rendering.OpenGL.Raw.EXT.PixelTransform ( src/Graphics/Rendering/OpenGL/Raw/EXT/PixelTransform.hs, dist/dist-sandbox-71d48313/build/Graphics/Rendering/OpenGL/Raw/EXT/PixelTransform.o )
[132 of 184] Compiling Graphics.Rendering.OpenGL.Raw.EXT.SharedTexturePalette ( src/Graphics/Rendering/OpenGL/Raw/EXT/SharedTexturePalette.hs, dist/dist-sandbox-71d48313/build/Graphics/Rendering/OpenGL/Raw/EXT/SharedTexturePalette.o )
[133 of 184] Compiling Graphics.Rendering.OpenGL.Raw.EXT.MultiDrawArrays ( src/Graphics/Rendering/OpenGL/Raw/EXT/MultiDrawArrays.hs, dist/dist-sandbox-71d48313/build/Graphics/Rendering/OpenGL/Raw/EXT/MultiDrawArrays.o )
[134 of 184] Compiling Graphics.Rendering.OpenGL.Raw.EXT.BlendFuncSeparate ( src/Graphics/Rendering/OpenGL/Raw/EXT/BlendFuncSeparate.hs, dist/dist-sandbox-71d48313/build/Graphics/Rendering/OpenGL/Raw/EXT/BlendFuncSeparate.o )
[135 of 184] Compiling Graphics.Rendering.OpenGL.Raw.EXT.StencilWrap ( src/Graphics/Rendering/OpenGL/Raw/EXT/StencilWrap.hs, dist/dist-sandbox-71d48313/build/Graphics/Rendering/OpenGL/Raw/EXT/StencilWrap.o )
[136 of 184] Compiling Graphics.Rendering.OpenGL.Raw.EXT.FourTwoTwoPixels ( src/Graphics/Rendering/OpenGL/Raw/EXT/FourTwoTwoPixels.hs, dist/dist-sandbox-71d48313/build/Graphics/Rendering/OpenGL/Raw/EXT/FourTwoTwoPixels.o )
[137 of 184] Compiling Graphics.Rendering.OpenGL.Raw.EXT.TextureLodBias ( src/Graphics/Rendering/OpenGL/Raw/EXT/TextureLodBias.hs, dist/dist-sandbox-71d48313/build/Graphics/Rendering/OpenGL/Raw/EXT/TextureLodBias.o )
[138 of 184] Compiling Graphics.Rendering.OpenGL.Raw.EXT.TextureFilterAnisotropic ( src/Graphics/Rendering/OpenGL/Raw/EXT/TextureFilterAnisotropic.hs, dist/dist-sandbox-71d48313/build/Graphics/Rendering/OpenGL/Raw/EXT/TextureFilterAnisotropic.o )
[139 of 184] Compiling Graphics.Rendering.OpenGL.Raw.EXT.TextureCompressionS3tc ( src/Graphics/Rendering/OpenGL/Raw/EXT/TextureCompressionS3tc.hs, dist/dist-sandbox-71d48313/build/Graphics/Rendering/OpenGL/Raw/EXT/TextureCompressionS3tc.o )
[140 of 184] Compiling Graphics.Rendering.OpenGL.Raw.EXT.TextureCompressionDxt1 ( src/Graphics/Rendering/OpenGL/Raw/EXT/TextureCompressionDxt1.hs, dist/dist-sandbox-71d48313/build/Graphics/Rendering/OpenGL/Raw/EXT/TextureCompressionDxt1.o )
[141 of 184] Compiling Graphics.Rendering.OpenGL.Raw.NV.TextureCompressionVtc ( src/Graphics/Rendering/OpenGL/Raw/NV/TextureCompressionVtc.hs, dist/dist-sandbox-71d48313/build/Graphics/Rendering/OpenGL/Raw/NV/TextureCompressionVtc.o )
[142 of 184] Compiling Graphics.Rendering.OpenGL.Raw.EXT.Multisample ( src/Graphics/Rendering/OpenGL/Raw/EXT/Multisample.hs, dist/dist-sandbox-71d48313/build/Graphics/Rendering/OpenGL/Raw/EXT/Multisample.o )
[143 of 184] Compiling Graphics.Rendering.OpenGL.Raw.EXT.VertexShader ( src/Graphics/Rendering/OpenGL/Raw/EXT/VertexShader.hs, dist/dist-sandbox-71d48313/build/Graphics/Rendering/OpenGL/Raw/EXT/VertexShader.o )
[144 of 184] Compiling Graphics.Rendering.OpenGL.Raw.EXT.TextureMirrorClamp ( src/Graphics/Rendering/OpenGL/Raw/EXT/TextureMirrorClamp.hs, dist/dist-sandbox-71d48313/build/Graphics/Rendering/OpenGL/Raw/EXT/TextureMirrorClamp.o )
[145 of 184] Compiling Graphics.Rendering.OpenGL.Raw.EXT.BlendEquationSeparate ( src/Graphics/Rendering/OpenGL/Raw/EXT/BlendEquationSeparate.hs, dist/dist-sandbox-71d48313/build/Graphics/Rendering/OpenGL/Raw/EXT/BlendEquationSeparate.o )
[146 of 184] Compiling Graphics.Rendering.OpenGL.Raw.EXT.FramebufferObject ( src/Graphics/Rendering/OpenGL/Raw/EXT/FramebufferObject.hs, dist/dist-sandbox-71d48313/build/Graphics/Rendering/OpenGL/Raw/EXT/FramebufferObject.o )
[147 of 184] Compiling Graphics.Rendering.OpenGL.Raw.EXT.TextureSRGB ( src/Graphics/Rendering/OpenGL/Raw/EXT/TextureSRGB.hs, dist/dist-sandbox-71d48313/build/Graphics/Rendering/OpenGL/Raw/EXT/TextureSRGB.o )
[148 of 184] Compiling Graphics.Rendering.OpenGL.Raw.EXT.PackedFloat ( src/Graphics/Rendering/OpenGL/Raw/EXT/PackedFloat.hs, dist/dist-sandbox-71d48313/build/Graphics/Rendering/OpenGL/Raw/EXT/PackedFloat.o )
[149 of 184] Compiling Graphics.Rendering.OpenGL.Raw.EXT.TextureCompressionLatc ( src/Graphics/Rendering/OpenGL/Raw/EXT/TextureCompressionLatc.hs, dist/dist-sandbox-71d48313/build/Graphics/Rendering/OpenGL/Raw/EXT/TextureCompressionLatc.o )
[150 of 184] Compiling Graphics.Rendering.OpenGL.Raw.EXT.FramebufferSRGB ( src/Graphics/Rendering/OpenGL/Raw/EXT/FramebufferSRGB.hs, dist/dist-sandbox-71d48313/build/Graphics/Rendering/OpenGL/Raw/EXT/FramebufferSRGB.o )
[151 of 184] Compiling Graphics.Rendering.OpenGL.Raw.EXT.TextureSwizzle ( src/Graphics/Rendering/OpenGL/Raw/EXT/TextureSwizzle.hs, dist/dist-sandbox-71d48313/build/Graphics/Rendering/OpenGL/Raw/EXT/TextureSwizzle.o )
[152 of 184] Compiling Graphics.Rendering.OpenGL.Raw.EXT ( src/Graphics/Rendering/OpenGL/Raw/EXT.hs, dist/dist-sandbox-71d48313/build/Graphics/Rendering/OpenGL/Raw/EXT.o )
[153 of 184] Compiling Graphics.Rendering.OpenGL.Raw.NV.LightMaxExponent ( src/Graphics/Rendering/OpenGL/Raw/NV/LightMaxExponent.hs, dist/dist-sandbox-71d48313/build/Graphics/Rendering/OpenGL/Raw/NV/LightMaxExponent.o )
[154 of 184] Compiling Graphics.Rendering.OpenGL.Raw.NV.FogDistance ( src/Graphics/Rendering/OpenGL/Raw/NV/FogDistance.hs, dist/dist-sandbox-71d48313/build/Graphics/Rendering/OpenGL/Raw/NV/FogDistance.o )
[155 of 184] Compiling Graphics.Rendering.OpenGL.Raw.NV.TexgenEmboss ( src/Graphics/Rendering/OpenGL/Raw/NV/TexgenEmboss.hs, dist/dist-sandbox-71d48313/build/Graphics/Rendering/OpenGL/Raw/NV/TexgenEmboss.o )
[156 of 184] Compiling Graphics.Rendering.OpenGL.Raw.NV.TextureEnvCombine4 ( src/Graphics/Rendering/OpenGL/Raw/NV/TextureEnvCombine4.hs, dist/dist-sandbox-71d48313/build/Graphics/Rendering/OpenGL/Raw/NV/TextureEnvCombine4.o )
[157 of 184] Compiling Graphics.Rendering.OpenGL.Raw.NV.PackedDepthStencil ( src/Graphics/Rendering/OpenGL/Raw/NV/PackedDepthStencil.hs, dist/dist-sandbox-71d48313/build/Graphics/Rendering/OpenGL/Raw/NV/PackedDepthStencil.o )
[158 of 184] Compiling Graphics.Rendering.OpenGL.Raw.NV.TextureRectangle ( src/Graphics/Rendering/OpenGL/Raw/NV/TextureRectangle.hs, dist/dist-sandbox-71d48313/build/Graphics/Rendering/OpenGL/Raw/NV/TextureRectangle.o )
[159 of 184] Compiling Graphics.Rendering.OpenGL.Raw.NV.TextureShader ( src/Graphics/Rendering/OpenGL/Raw/NV/TextureShader.hs, dist/dist-sandbox-71d48313/build/Graphics/Rendering/OpenGL/Raw/NV/TextureShader.o )
[160 of 184] Compiling Graphics.Rendering.OpenGL.Raw.NV.TextureShader2 ( src/Graphics/Rendering/OpenGL/Raw/NV/TextureShader2.hs, dist/dist-sandbox-71d48313/build/Graphics/Rendering/OpenGL/Raw/NV/TextureShader2.o )
[161 of 184] Compiling Graphics.Rendering.OpenGL.Raw.NV.VertexArrayRange2 ( src/Graphics/Rendering/OpenGL/Raw/NV/VertexArrayRange2.hs, dist/dist-sandbox-71d48313/build/Graphics/Rendering/OpenGL/Raw/NV/VertexArrayRange2.o )
[162 of 184] Compiling Graphics.Rendering.OpenGL.Raw.NV.CopyDepthToColor ( src/Graphics/Rendering/OpenGL/Raw/NV/CopyDepthToColor.hs, dist/dist-sandbox-71d48313/build/Graphics/Rendering/OpenGL/Raw/NV/CopyDepthToColor.o )
[163 of 184] Compiling Graphics.Rendering.OpenGL.Raw.NV.MultisampleFilterHint ( src/Graphics/Rendering/OpenGL/Raw/NV/MultisampleFilterHint.hs, dist/dist-sandbox-71d48313/build/Graphics/Rendering/OpenGL/Raw/NV/MultisampleFilterHint.o )
[164 of 184] Compiling Graphics.Rendering.OpenGL.Raw.NV.PointSprite ( src/Graphics/Rendering/OpenGL/Raw/NV/PointSprite.hs, dist/dist-sandbox-71d48313/build/Graphics/Rendering/OpenGL/Raw/NV/PointSprite.o )
[165 of 184] Compiling Graphics.Rendering.OpenGL.Raw.NV.TextureShader3 ( src/Graphics/Rendering/OpenGL/Raw/NV/TextureShader3.hs, dist/dist-sandbox-71d48313/build/Graphics/Rendering/OpenGL/Raw/NV/TextureShader3.o )
[166 of 184] Compiling Graphics.Rendering.OpenGL.Raw.NV.FloatBuffer ( src/Graphics/Rendering/OpenGL/Raw/NV/FloatBuffer.hs, dist/dist-sandbox-71d48313/build/Graphics/Rendering/OpenGL/Raw/NV/FloatBuffer.o )
[167 of 184] Compiling Graphics.Rendering.OpenGL.Raw.NV.HalfFloat ( src/Graphics/Rendering/OpenGL/Raw/NV/HalfFloat.hs, dist/dist-sandbox-71d48313/build/Graphics/Rendering/OpenGL/Raw/NV/HalfFloat.o )
[168 of 184] Compiling Graphics.Rendering.OpenGL.Raw.NV.PixelDataRange ( src/Graphics/Rendering/OpenGL/Raw/NV/PixelDataRange.hs, dist/dist-sandbox-71d48313/build/Graphics/Rendering/OpenGL/Raw/NV/PixelDataRange.o )
[169 of 184] Compiling Graphics.Rendering.OpenGL.Raw.NV.TextureExpandNormal ( src/Graphics/Rendering/OpenGL/Raw/NV/TextureExpandNormal.hs, dist/dist-sandbox-71d48313/build/Graphics/Rendering/OpenGL/Raw/NV/TextureExpandNormal.o )
[170 of 184] Compiling Graphics.Rendering.OpenGL.Raw.NV.FragmentProgram2 ( src/Graphics/Rendering/OpenGL/Raw/NV/FragmentProgram2.hs, dist/dist-sandbox-71d48313/build/Graphics/Rendering/OpenGL/Raw/NV/FragmentProgram2.o )
[171 of 184] Compiling Graphics.Rendering.OpenGL.Raw.NV.VertexProgram2Option ( src/Graphics/Rendering/OpenGL/Raw/NV/VertexProgram2Option.hs, dist/dist-sandbox-71d48313/build/Graphics/Rendering/OpenGL/Raw/NV/VertexProgram2Option.o )
[172 of 184] Compiling Graphics.Rendering.OpenGL.Raw.NV.GpuProgram4 ( src/Graphics/Rendering/OpenGL/Raw/NV/GpuProgram4.hs, dist/dist-sandbox-71d48313/build/Graphics/Rendering/OpenGL/Raw/NV/GpuProgram4.o )
[173 of 184] Compiling Graphics.Rendering.OpenGL.Raw.NV.GeometryProgram4 ( src/Graphics/Rendering/OpenGL/Raw/NV/GeometryProgram4.hs, dist/dist-sandbox-71d48313/build/Graphics/Rendering/OpenGL/Raw/NV/GeometryProgram4.o )
[174 of 184] Compiling Graphics.Rendering.OpenGL.Raw.NV.VertexProgram4 ( src/Graphics/Rendering/OpenGL/Raw/NV/VertexProgram4.hs, dist/dist-sandbox-71d48313/build/Graphics/Rendering/OpenGL/Raw/NV/VertexProgram4.o )
[175 of 184] Compiling Graphics.Rendering.OpenGL.Raw.NV.DepthBufferFloat ( src/Graphics/Rendering/OpenGL/Raw/NV/DepthBufferFloat.hs, dist/dist-sandbox-71d48313/build/Graphics/Rendering/OpenGL/Raw/NV/DepthBufferFloat.o )
[176 of 184] Compiling Graphics.Rendering.OpenGL.Raw.NV.ParameterBufferObject ( src/Graphics/Rendering/OpenGL/Raw/NV/ParameterBufferObject.hs, dist/dist-sandbox-71d48313/build/Graphics/Rendering/OpenGL/Raw/NV/ParameterBufferObject.o )
[177 of 184] Compiling Graphics.Rendering.OpenGL.Raw.NV.TransformFeedback ( src/Graphics/Rendering/OpenGL/Raw/NV/TransformFeedback.hs, dist/dist-sandbox-71d48313/build/Graphics/Rendering/OpenGL/Raw/NV/TransformFeedback.o )
[178 of 184] Compiling Graphics.Rendering.OpenGL.Raw.NV.ConditionalRender ( src/Graphics/Rendering/OpenGL/Raw/NV/ConditionalRender.hs, dist/dist-sandbox-71d48313/build/Graphics/Rendering/OpenGL/Raw/NV/ConditionalRender.o )
[179 of 184] Compiling Graphics.Rendering.OpenGL.Raw.NV.PresentVideo ( src/Graphics/Rendering/OpenGL/Raw/NV/PresentVideo.hs, dist/dist-sandbox-71d48313/build/Graphics/Rendering/OpenGL/Raw/NV/PresentVideo.o )
[180 of 184] Compiling Graphics.Rendering.OpenGL.Raw.NV.ExplicitMultisample ( src/Graphics/Rendering/OpenGL/Raw/NV/ExplicitMultisample.hs, dist/dist-sandbox-71d48313/build/Graphics/Rendering/OpenGL/Raw/NV/ExplicitMultisample.o )
[181 of 184] Compiling Graphics.Rendering.OpenGL.Raw.NV.TransformFeedback2 ( src/Graphics/Rendering/OpenGL/Raw/NV/TransformFeedback2.hs, dist/dist-sandbox-71d48313/build/Graphics/Rendering/OpenGL/Raw/NV/TransformFeedback2.o )
[182 of 184] Compiling Graphics.Rendering.OpenGL.Raw.NV ( src/Graphics/Rendering/OpenGL/Raw/NV.hs, dist/dist-sandbox-71d48313/build/Graphics/Rendering/OpenGL/Raw/NV.o )
[183 of 184] Compiling Graphics.Rendering.OpenGL.Raw.ARB ( src/Graphics/Rendering/OpenGL/Raw/ARB.hs, dist/dist-sandbox-71d48313/build/Graphics/Rendering/OpenGL/Raw/ARB.o )
[184 of 184] Compiling Graphics.Rendering.OpenGL.Raw ( src/Graphics/Rendering/OpenGL/Raw.hs, dist/dist-sandbox-71d48313/build/Graphics/Rendering/OpenGL/Raw.o )
In-place registering OpenGLRaw-1.3.0.0...
Creating package registration file: /tmp/pkgConf-OpenGLRaw-1.3.025409.0
Installing library in
/home/greghale/Programming/haskell/haskell-tetrode-ephys/.cabal-sandbox/lib/x86_64-linux-ghc-7.6.3/OpenGLRaw-1.3.0.0
Registering OpenGLRaw-1.3.0.0...
