Configuring primitive-0.5.3.0...
Building primitive-0.5.3.0...
Preprocessing library primitive-0.5.3.0...
[ 1 of 10] Compiling Data.Primitive.Internal.Compat ( Data/Primitive/Internal/Compat.hs, dist/dist-sandbox-71d48313/build/Data/Primitive/Internal/Compat.o )
[ 2 of 10] Compiling Data.Primitive.MachDeps ( Data/Primitive/MachDeps.hs, dist/dist-sandbox-71d48313/build/Data/Primitive/MachDeps.o )
[ 3 of 10] Compiling Data.Primitive.Internal.Operations ( Data/Primitive/Internal/Operations.hs, dist/dist-sandbox-71d48313/build/Data/Primitive/Internal/Operations.o )
[ 4 of 10] Compiling Control.Monad.Primitive ( Control/Monad/Primitive.hs, dist/dist-sandbox-71d48313/build/Control/Monad/Primitive.o )
[ 5 of 10] Compiling Data.Primitive.Types ( Data/Primitive/Types.hs, dist/dist-sandbox-71d48313/build/Data/Primitive/Types.o )
[ 6 of 10] Compiling Data.Primitive.Array ( Data/Primitive/Array.hs, dist/dist-sandbox-71d48313/build/Data/Primitive/Array.o )

Data/Primitive/Array.hs:32:1: Warning:
    The import of `Control.Monad.ST' is redundant
      except perhaps to import instances from `Control.Monad.ST'
    To import instances alone, use: import Control.Monad.ST()
[ 7 of 10] Compiling Data.Primitive.ByteArray ( Data/Primitive/ByteArray.hs, dist/dist-sandbox-71d48313/build/Data/Primitive/ByteArray.o )
[ 8 of 10] Compiling Data.Primitive.Addr ( Data/Primitive/Addr.hs, dist/dist-sandbox-71d48313/build/Data/Primitive/Addr.o )
[ 9 of 10] Compiling Data.Primitive   ( Data/Primitive.hs, dist/dist-sandbox-71d48313/build/Data/Primitive.o )
[10 of 10] Compiling Data.Primitive.MutVar ( Data/Primitive/MutVar.hs, dist/dist-sandbox-71d48313/build/Data/Primitive/MutVar.o )
In-place registering primitive-0.5.3.0...
Creating package registration file: /tmp/pkgConf-primitive-0.5.325409.0
Installing library in
/home/greghale/Programming/haskell/haskell-tetrode-ephys/.cabal-sandbox/lib/x86_64-linux-ghc-7.6.3/primitive-0.5.3.0
Registering primitive-0.5.3.0...
