Configuring semigroupoids-4.0.2...
Building semigroupoids-4.0.2...
Preprocessing library semigroupoids-4.0.2...
[ 1 of 20] Compiling Data.Traversable.Instances ( src/Data/Traversable/Instances.hs, dist/dist-sandbox-71d48313/build/Data/Traversable/Instances.o )
[ 2 of 20] Compiling Data.Functor.Extend ( src/Data/Functor/Extend.hs, dist/dist-sandbox-71d48313/build/Data/Functor/Extend.o )
[ 3 of 20] Compiling Data.Functor.Bind ( src/Data/Functor/Bind.hs, dist/dist-sandbox-71d48313/build/Data/Functor/Bind.o )
[ 4 of 20] Compiling Data.Functor.Bind.Trans ( src/Data/Functor/Bind/Trans.hs, dist/dist-sandbox-71d48313/build/Data/Functor/Bind/Trans.o )
[ 5 of 20] Compiling Data.Semigroupoid ( src/Data/Semigroupoid.hs, dist/dist-sandbox-71d48313/build/Data/Semigroupoid.o )
[ 6 of 20] Compiling Data.Semigroupoid.Dual ( src/Data/Semigroupoid/Dual.hs, dist/dist-sandbox-71d48313/build/Data/Semigroupoid/Dual.o )
[ 7 of 20] Compiling Data.Groupoid    ( src/Data/Groupoid.hs, dist/dist-sandbox-71d48313/build/Data/Groupoid.o )
[ 8 of 20] Compiling Data.Isomorphism ( src/Data/Isomorphism.hs, dist/dist-sandbox-71d48313/build/Data/Isomorphism.o )
[ 9 of 20] Compiling Data.Semigroupoid.Product ( src/Data/Semigroupoid/Product.hs, dist/dist-sandbox-71d48313/build/Data/Semigroupoid/Product.o )
[10 of 20] Compiling Data.Semigroupoid.Coproduct ( src/Data/Semigroupoid/Coproduct.hs, dist/dist-sandbox-71d48313/build/Data/Semigroupoid/Coproduct.o )
[11 of 20] Compiling Data.Semigroupoid.Ob ( src/Data/Semigroupoid/Ob.hs, dist/dist-sandbox-71d48313/build/Data/Semigroupoid/Ob.o )
[12 of 20] Compiling Data.Functor.Apply ( src/Data/Functor/Apply.hs, dist/dist-sandbox-71d48313/build/Data/Functor/Apply.o )
[13 of 20] Compiling Data.Semigroup.Foldable ( src/Data/Semigroup/Foldable.hs, dist/dist-sandbox-71d48313/build/Data/Semigroup/Foldable.o )
[14 of 20] Compiling Data.Semigroup.Traversable ( src/Data/Semigroup/Traversable.hs, dist/dist-sandbox-71d48313/build/Data/Semigroup/Traversable.o )
[15 of 20] Compiling Data.Semifunctor ( src/Data/Semifunctor.hs, dist/dist-sandbox-71d48313/build/Data/Semifunctor.o )
[16 of 20] Compiling Data.Semifunctor.Associative ( src/Data/Semifunctor/Associative.hs, dist/dist-sandbox-71d48313/build/Data/Semifunctor/Associative.o )
[17 of 20] Compiling Data.Semifunctor.Braided ( src/Data/Semifunctor/Braided.hs, dist/dist-sandbox-71d48313/build/Data/Semifunctor/Braided.o )
[18 of 20] Compiling Data.Functor.Alt ( src/Data/Functor/Alt.hs, dist/dist-sandbox-71d48313/build/Data/Functor/Alt.o )
[19 of 20] Compiling Data.Functor.Plus ( src/Data/Functor/Plus.hs, dist/dist-sandbox-71d48313/build/Data/Functor/Plus.o )
[20 of 20] Compiling Data.Semigroupoid.Static ( src/Data/Semigroupoid/Static.hs, dist/dist-sandbox-71d48313/build/Data/Semigroupoid/Static.o )
In-place registering semigroupoids-4.0.2...
Creating package registration file: /tmp/pkgConf-semigroupoids-4.025409.2
Installing library in
/home/greghale/Programming/haskell/haskell-tetrode-ephys/.cabal-sandbox/lib/x86_64-linux-ghc-7.6.3/semigroupoids-4.0.2
Registering semigroupoids-4.0.2...
