Configuring text-1.1.1.2...
Building text-1.1.1.2...
Preprocessing library text-1.1.1.2...
[ 1 of 43] Compiling Data.Text.Internal.Read ( Data/Text/Internal/Read.hs, dist/dist-sandbox-71d48313/build/Data/Text/Internal/Read.o )
[ 2 of 43] Compiling Data.Text.Internal.Encoding.Utf32 ( Data/Text/Internal/Encoding/Utf32.hs, dist/dist-sandbox-71d48313/build/Data/Text/Internal/Encoding/Utf32.o )
[ 3 of 43] Compiling Data.Text.Internal.Fusion.Size ( Data/Text/Internal/Fusion/Size.hs, dist/dist-sandbox-71d48313/build/Data/Text/Internal/Fusion/Size.o )
[ 4 of 43] Compiling Data.Text.Internal.Builder.RealFloat.Functions ( Data/Text/Internal/Builder/RealFloat/Functions.hs, dist/dist-sandbox-71d48313/build/Data/Text/Internal/Builder/RealFloat/Functions.o )
[ 5 of 43] Compiling Data.Text.Internal.Builder.Int.Digits ( Data/Text/Internal/Builder/Int/Digits.hs, dist/dist-sandbox-71d48313/build/Data/Text/Internal/Builder/Int/Digits.o )
[ 6 of 43] Compiling Data.Text.Internal.Fusion.Types ( Data/Text/Internal/Fusion/Types.hs, dist/dist-sandbox-71d48313/build/Data/Text/Internal/Fusion/Types.o )
[ 7 of 43] Compiling Data.Text.Internal.Fusion.CaseMapping ( Data/Text/Internal/Fusion/CaseMapping.hs, dist/dist-sandbox-71d48313/build/Data/Text/Internal/Fusion/CaseMapping.o )
[ 8 of 43] Compiling Data.Text.Encoding.Error ( Data/Text/Encoding/Error.hs, dist/dist-sandbox-71d48313/build/Data/Text/Encoding/Error.o )
[ 9 of 43] Compiling Data.Text.Internal.Unsafe.Shift ( Data/Text/Internal/Unsafe/Shift.hs, dist/dist-sandbox-71d48313/build/Data/Text/Internal/Unsafe/Shift.o )
[10 of 43] Compiling Data.Text.Internal.Encoding.Utf16 ( Data/Text/Internal/Encoding/Utf16.hs, dist/dist-sandbox-71d48313/build/Data/Text/Internal/Encoding/Utf16.o )
[11 of 43] Compiling Data.Text.Internal.Functions ( Data/Text/Internal/Functions.hs, dist/dist-sandbox-71d48313/build/Data/Text/Internal/Functions.o )
[12 of 43] Compiling Data.Text.Internal.Unsafe ( Data/Text/Internal/Unsafe.hs, dist/dist-sandbox-71d48313/build/Data/Text/Internal/Unsafe.o )
[13 of 43] Compiling Data.Text.Internal.Fusion.Common ( Data/Text/Internal/Fusion/Common.hs, dist/dist-sandbox-71d48313/build/Data/Text/Internal/Fusion/Common.o )
[14 of 43] Compiling Data.Text.Array  ( Data/Text/Array.hs, dist/dist-sandbox-71d48313/build/Data/Text/Array.o )
[15 of 43] Compiling Data.Text.Internal.Unsafe.Char ( Data/Text/Internal/Unsafe/Char.hs, dist/dist-sandbox-71d48313/build/Data/Text/Internal/Unsafe/Char.o )
[16 of 43] Compiling Data.Text.Internal ( Data/Text/Internal.hs, dist/dist-sandbox-71d48313/build/Data/Text/Internal.o )
[17 of 43] Compiling Data.Text.Unsafe ( Data/Text/Unsafe.hs, dist/dist-sandbox-71d48313/build/Data/Text/Unsafe.o )
[18 of 43] Compiling Data.Text.Internal.Private ( Data/Text/Internal/Private.hs, dist/dist-sandbox-71d48313/build/Data/Text/Internal/Private.o )
[19 of 43] Compiling Data.Text.Internal.Fusion ( Data/Text/Internal/Fusion.hs, dist/dist-sandbox-71d48313/build/Data/Text/Internal/Fusion.o )
[20 of 43] Compiling Data.Text.Internal.Encoding.Fusion.Common ( Data/Text/Internal/Encoding/Fusion/Common.hs, dist/dist-sandbox-71d48313/build/Data/Text/Internal/Encoding/Fusion/Common.o )
[21 of 43] Compiling Data.Text.Internal.Encoding.Utf8 ( Data/Text/Internal/Encoding/Utf8.hs, dist/dist-sandbox-71d48313/build/Data/Text/Internal/Encoding/Utf8.o )
[22 of 43] Compiling Data.Text.Internal.Encoding.Fusion ( Data/Text/Internal/Encoding/Fusion.hs, dist/dist-sandbox-71d48313/build/Data/Text/Internal/Encoding/Fusion.o )
[23 of 43] Compiling Data.Text.Internal.Lazy.Encoding.Fusion ( Data/Text/Internal/Lazy/Encoding/Fusion.hs, dist/dist-sandbox-71d48313/build/Data/Text/Internal/Lazy/Encoding/Fusion.o )
[24 of 43] Compiling Data.Text.Internal.Search ( Data/Text/Internal/Search.hs, dist/dist-sandbox-71d48313/build/Data/Text/Internal/Search.o )
[25 of 43] Compiling Data.Text        ( Data/Text.hs, dist/dist-sandbox-71d48313/build/Data/Text.o )
[26 of 43] Compiling Data.Text.Encoding ( Data/Text/Encoding.hs, dist/dist-sandbox-71d48313/build/Data/Text/Encoding.o )
[27 of 43] Compiling Data.Text.Foreign ( Data/Text/Foreign.hs, dist/dist-sandbox-71d48313/build/Data/Text/Foreign.o )
[28 of 43] Compiling Data.Text.Internal.IO ( Data/Text/Internal/IO.hs, dist/dist-sandbox-71d48313/build/Data/Text/Internal/IO.o )
[29 of 43] Compiling Data.Text.IO     ( Data/Text/IO.hs, dist/dist-sandbox-71d48313/build/Data/Text/IO.o )
[30 of 43] Compiling Data.Text.Internal.Lazy ( Data/Text/Internal/Lazy.hs, dist/dist-sandbox-71d48313/build/Data/Text/Internal/Lazy.o )
[31 of 43] Compiling Data.Text.Internal.Lazy.Fusion ( Data/Text/Internal/Lazy/Fusion.hs, dist/dist-sandbox-71d48313/build/Data/Text/Internal/Lazy/Fusion.o )
[32 of 43] Compiling Data.Text.Internal.Lazy.Search ( Data/Text/Internal/Lazy/Search.hs, dist/dist-sandbox-71d48313/build/Data/Text/Internal/Lazy/Search.o )
[33 of 43] Compiling Data.Text.Lazy.Internal ( Data/Text/Lazy/Internal.hs, dist/dist-sandbox-71d48313/build/Data/Text/Lazy/Internal.o )
[34 of 43] Compiling Data.Text.Lazy   ( Data/Text/Lazy.hs, dist/dist-sandbox-71d48313/build/Data/Text/Lazy.o )
[35 of 43] Compiling Data.Text.Internal.Builder ( Data/Text/Internal/Builder.hs, dist/dist-sandbox-71d48313/build/Data/Text/Internal/Builder.o )
[36 of 43] Compiling Data.Text.Lazy.Builder ( Data/Text/Lazy/Builder.hs, dist/dist-sandbox-71d48313/build/Data/Text/Lazy/Builder.o )
[37 of 43] Compiling Data.Text.Internal.Builder.Functions ( Data/Text/Internal/Builder/Functions.hs, dist/dist-sandbox-71d48313/build/Data/Text/Internal/Builder/Functions.o )
[38 of 43] Compiling Data.Text.Lazy.Builder.Int ( Data/Text/Lazy/Builder/Int.hs, dist/dist-sandbox-71d48313/build/Data/Text/Lazy/Builder/Int.o )
[39 of 43] Compiling Data.Text.Lazy.Encoding ( Data/Text/Lazy/Encoding.hs, dist/dist-sandbox-71d48313/build/Data/Text/Lazy/Encoding.o )
[40 of 43] Compiling Data.Text.Lazy.IO ( Data/Text/Lazy/IO.hs, dist/dist-sandbox-71d48313/build/Data/Text/Lazy/IO.o )
[41 of 43] Compiling Data.Text.Lazy.Read ( Data/Text/Lazy/Read.hs, dist/dist-sandbox-71d48313/build/Data/Text/Lazy/Read.o )
[42 of 43] Compiling Data.Text.Lazy.Builder.RealFloat ( Data/Text/Lazy/Builder/RealFloat.hs, dist/dist-sandbox-71d48313/build/Data/Text/Lazy/Builder/RealFloat.o )
[43 of 43] Compiling Data.Text.Read   ( Data/Text/Read.hs, dist/dist-sandbox-71d48313/build/Data/Text/Read.o )
In-place registering text-1.1.1.2...
Creating package registration file: /tmp/pkgConf-text-1.1.125409.2
Installing library in
/home/greghale/Programming/haskell/haskell-tetrode-ephys/.cabal-sandbox/lib/x86_64-linux-ghc-7.6.3/text-1.1.1.2
Registering text-1.1.1.2...
