Configuring transformers-0.2.2.1...
Building transformers-0.2.2.1...
Preprocessing library transformers-0.2.2.1...
[ 1 of 21] Compiling Data.Functor.Product ( Data/Functor/Product.hs, dist/dist-sandbox-71d48313/build/Data/Functor/Product.o )
[ 2 of 21] Compiling Data.Functor.Constant ( Data/Functor/Constant.hs, dist/dist-sandbox-71d48313/build/Data/Functor/Constant.o )
[ 3 of 21] Compiling Data.Functor.Compose ( Data/Functor/Compose.hs, dist/dist-sandbox-71d48313/build/Data/Functor/Compose.o )
[ 4 of 21] Compiling Data.Functor.Identity ( Data/Functor/Identity.hs, dist/dist-sandbox-71d48313/build/Data/Functor/Identity.o )
[ 5 of 21] Compiling Control.Monad.Trans.Class ( Control/Monad/Trans/Class.hs, dist/dist-sandbox-71d48313/build/Control/Monad/Trans/Class.o )
[ 6 of 21] Compiling Control.Monad.IO.Class ( Control/Monad/IO/Class.hs, dist/dist-sandbox-71d48313/build/Control/Monad/IO/Class.o )
[ 7 of 21] Compiling Control.Monad.Trans.Cont ( Control/Monad/Trans/Cont.hs, dist/dist-sandbox-71d48313/build/Control/Monad/Trans/Cont.o )
[ 8 of 21] Compiling Control.Monad.Trans.Error ( Control/Monad/Trans/Error.hs, dist/dist-sandbox-71d48313/build/Control/Monad/Trans/Error.o )
[ 9 of 21] Compiling Control.Monad.Trans.Identity ( Control/Monad/Trans/Identity.hs, dist/dist-sandbox-71d48313/build/Control/Monad/Trans/Identity.o )
[10 of 21] Compiling Control.Monad.Trans.List ( Control/Monad/Trans/List.hs, dist/dist-sandbox-71d48313/build/Control/Monad/Trans/List.o )
[11 of 21] Compiling Control.Monad.Trans.Maybe ( Control/Monad/Trans/Maybe.hs, dist/dist-sandbox-71d48313/build/Control/Monad/Trans/Maybe.o )
[12 of 21] Compiling Control.Monad.Trans.Reader ( Control/Monad/Trans/Reader.hs, dist/dist-sandbox-71d48313/build/Control/Monad/Trans/Reader.o )
[13 of 21] Compiling Control.Monad.Trans.RWS.Lazy ( Control/Monad/Trans/RWS/Lazy.hs, dist/dist-sandbox-71d48313/build/Control/Monad/Trans/RWS/Lazy.o )
[14 of 21] Compiling Control.Monad.Trans.RWS ( Control/Monad/Trans/RWS.hs, dist/dist-sandbox-71d48313/build/Control/Monad/Trans/RWS.o )
[15 of 21] Compiling Control.Monad.Trans.RWS.Strict ( Control/Monad/Trans/RWS/Strict.hs, dist/dist-sandbox-71d48313/build/Control/Monad/Trans/RWS/Strict.o )
[16 of 21] Compiling Control.Monad.Trans.State.Lazy ( Control/Monad/Trans/State/Lazy.hs, dist/dist-sandbox-71d48313/build/Control/Monad/Trans/State/Lazy.o )
[17 of 21] Compiling Control.Monad.Trans.State ( Control/Monad/Trans/State.hs, dist/dist-sandbox-71d48313/build/Control/Monad/Trans/State.o )
[18 of 21] Compiling Control.Monad.Trans.State.Strict ( Control/Monad/Trans/State/Strict.hs, dist/dist-sandbox-71d48313/build/Control/Monad/Trans/State/Strict.o )
[19 of 21] Compiling Control.Monad.Trans.Writer.Lazy ( Control/Monad/Trans/Writer/Lazy.hs, dist/dist-sandbox-71d48313/build/Control/Monad/Trans/Writer/Lazy.o )
[20 of 21] Compiling Control.Monad.Trans.Writer ( Control/Monad/Trans/Writer.hs, dist/dist-sandbox-71d48313/build/Control/Monad/Trans/Writer.o )
[21 of 21] Compiling Control.Monad.Trans.Writer.Strict ( Control/Monad/Trans/Writer/Strict.hs, dist/dist-sandbox-71d48313/build/Control/Monad/Trans/Writer/Strict.o )
In-place registering transformers-0.2.2.1...
Creating package registration file: /tmp/pkgConf-transformers-0.2.225409.1
Installing library in
/home/greghale/Programming/haskell/haskell-tetrode-ephys/.cabal-sandbox/lib/x86_64-linux-ghc-7.6.3/transformers-0.2.2.1
Registering transformers-0.2.2.1...
